<?xml version="1.0" encoding="UTF-8"?>
<coverage generated="1769972470408" clover="3.2.0">
  <project timestamp="1769972470409" name="All files">
    <metrics statements="190" coveredstatements="162" conditionals="132" coveredconditionals="96" methods="48" coveredmethods="40" elements="370" coveredelements="298" complexity="0" loc="190" ncloc="190" packages="5" files="5" classes="5"/>
    <package name="components">
      <metrics statements="27" coveredstatements="27" conditionals="20" coveredconditionals="17" methods="3" coveredmethods="3"/>
      <file name="cardValidation.ts" path="C:\Users\migue\Documents\Prueba Tecnica Wompi\frontend\src\components\cardValidation.ts">
        <metrics statements="27" coveredstatements="27" conditionals="20" coveredconditionals="17" methods="3" coveredmethods="3"/>
        <line num="3" count="2" type="stmt"/>
        <line num="4" count="16" type="stmt"/>
        <line num="5" count="16" type="cond" truecount="2" falsecount="0"/>
        <line num="6" count="6" type="cond" truecount="2" falsecount="0"/>
        <line num="7" count="5" type="stmt"/>
        <line num="10" count="2" type="stmt"/>
        <line num="11" count="2" type="stmt"/>
        <line num="12" count="2" type="stmt"/>
        <line num="13" count="2" type="stmt"/>
        <line num="14" count="2" type="stmt"/>
        <line num="15" count="32" type="stmt"/>
        <line num="16" count="32" type="cond" truecount="2" falsecount="0"/>
        <line num="17" count="16" type="stmt"/>
        <line num="18" count="16" type="cond" truecount="1" falsecount="1"/>
        <line num="20" count="32" type="stmt"/>
        <line num="21" count="32" type="stmt"/>
        <line num="23" count="2" type="stmt"/>
        <line num="26" count="2" type="stmt"/>
        <line num="27" count="3" type="stmt"/>
        <line num="28" count="3" type="stmt"/>
        <line num="29" count="3" type="cond" truecount="6" falsecount="0"/>
        <line num="30" count="2" type="stmt"/>
        <line num="31" count="2" type="stmt"/>
        <line num="32" count="2" type="stmt"/>
        <line num="33" count="2" type="cond" truecount="2" falsecount="0"/>
        <line num="34" count="1" type="cond" truecount="2" falsecount="2"/>
        <line num="35" count="1" type="stmt"/>
      </file>
    </package>
    <package name="pages">
      <metrics statements="93" coveredstatements="72" conditionals="102" coveredconditionals="74" methods="29" coveredmethods="23"/>
      <file name="ProductPage.tsx" path="C:\Users\migue\Documents\Prueba Tecnica Wompi\frontend\src\pages\ProductPage.tsx">
        <metrics statements="93" coveredstatements="72" conditionals="102" coveredconditionals="74" methods="29" coveredmethods="23"/>
        <line num="1" count="1" type="stmt"/>
        <line num="2" count="1" type="stmt"/>
        <line num="3" count="1" type="stmt"/>
        <line num="9" count="1" type="stmt"/>
        <line num="10" count="1" type="stmt"/>
        <line num="12" count="1" type="stmt"/>
        <line num="26" count="14" type="stmt"/>
        <line num="27" count="17" type="stmt"/>
        <line num="28" count="17" type="stmt"/>
        <line num="30" count="14" type="stmt"/>
        <line num="31" count="14" type="stmt"/>
        <line num="32" count="14" type="stmt"/>
        <line num="34" count="14" type="stmt"/>
        <line num="41" count="14" type="stmt"/>
        <line num="45" count="14" type="stmt"/>
        <line num="46" count="14" type="stmt"/>
        <line num="47" count="14" type="stmt"/>
        <line num="49" count="14" type="stmt"/>
        <line num="50" count="2" type="cond" truecount="1" falsecount="1"/>
        <line num="51" count="0" type="stmt"/>
        <line num="55" count="14" type="stmt"/>
        <line num="56" count="2" type="stmt"/>
        <line num="58" count="2" type="stmt"/>
        <line num="59" count="2" type="stmt"/>
        <line num="60" count="2" type="stmt"/>
        <line num="61" count="2" type="stmt"/>
        <line num="62" count="2" type="stmt"/>
        <line num="64" count="2" type="cond" truecount="4" falsecount="0"/>
        <line num="65" count="1" type="stmt"/>
        <line num="67" count="2" type="cond" truecount="4" falsecount="0"/>
        <line num="68" count="1" type="stmt"/>
        <line num="70" count="2" type="cond" truecount="4" falsecount="0"/>
        <line num="71" count="1" type="stmt"/>
        <line num="73" count="2" type="cond" truecount="6" falsecount="0"/>
        <line num="74" count="1" type="stmt"/>
        <line num="76" count="2" type="cond" truecount="2" falsecount="0"/>
        <line num="77" count="1" type="stmt"/>
        <line num="78" count="1" type="stmt"/>
        <line num="80" count="2" type="cond" truecount="5" falsecount="0"/>
        <line num="81" count="1" type="stmt"/>
        <line num="83" count="2" type="stmt"/>
        <line num="84" count="2" type="cond" truecount="4" falsecount="0"/>
        <line num="85" count="1" type="stmt"/>
        <line num="87" count="2" type="stmt"/>
        <line num="90" count="14" type="stmt"/>
        <line num="91" count="2" type="stmt"/>
        <line num="94" count="14" type="stmt"/>
        <line num="95" count="2" type="stmt"/>
        <line num="96" count="2" type="cond" truecount="2" falsecount="0"/>
        <line num="97" count="1" type="stmt"/>
        <line num="98" count="1" type="stmt"/>
        <line num="100" count="1" type="stmt"/>
        <line num="101" count="1" type="cond" truecount="1" falsecount="1"/>
        <line num="102" count="1" type="stmt"/>
        <line num="110" count="1" type="stmt"/>
        <line num="111" count="1" type="stmt"/>
        <line num="114" count="14" type="stmt"/>
        <line num="115" count="0" type="cond" truecount="0" falsecount="2"/>
        <line num="116" count="0" type="stmt"/>
        <line num="124" count="0" type="stmt"/>
        <line num="125" count="0" type="stmt"/>
        <line num="126" count="0" type="stmt"/>
        <line num="129" count="14" type="stmt"/>
        <line num="130" count="0" type="cond" truecount="0" falsecount="2"/>
        <line num="131" count="0" type="stmt"/>
        <line num="132" count="0" type="stmt"/>
        <line num="135" count="14" type="stmt"/>
        <line num="136" count="0" type="stmt"/>
        <line num="137" count="0" type="stmt"/>
        <line num="138" count="0" type="stmt"/>
        <line num="141" count="14" type="stmt"/>
        <line num="142" count="2" type="cond" truecount="1" falsecount="1"/>
        <line num="143" count="2" type="stmt"/>
        <line num="146" count="0" type="stmt"/>
        <line num="147" count="0" type="stmt"/>
        <line num="148" count="0" type="stmt"/>
        <line num="149" count="0" type="cond" truecount="0" falsecount="2"/>
        <line num="150" count="0" type="stmt"/>
        <line num="151" count="0" type="stmt"/>
        <line num="152" count="0" type="stmt"/>
        <line num="154" count="0" type="stmt"/>
        <line num="158" count="0" type="stmt"/>
        <line num="161" count="14" type="stmt"/>
        <line num="163" count="14" type="stmt"/>
        <line num="195" count="1" type="stmt"/>
        <line num="210" count="1" type="stmt"/>
        <line num="224" count="1" type="stmt"/>
        <line num="238" count="1" type="stmt"/>
        <line num="253" count="1" type="stmt"/>
        <line num="273" count="1" type="stmt"/>
        <line num="286" count="1" type="stmt"/>
        <line num="303" count="1" type="stmt"/>
        <line num="422" count="1" type="stmt"/>
      </file>
    </package>
    <package name="store">
      <metrics statements="8" coveredstatements="8" conditionals="0" coveredconditionals="0" methods="1" coveredmethods="1"/>
      <file name="index.ts" path="C:\Users\migue\Documents\Prueba Tecnica Wompi\frontend\src\store\index.ts">
        <metrics statements="8" coveredstatements="8" conditionals="0" coveredconditionals="0" methods="1" coveredmethods="1"/>
        <line num="1" count="1" type="stmt"/>
        <line num="2" count="1" type="stmt"/>
        <line num="3" count="1" type="stmt"/>
        <line num="4" count="1" type="stmt"/>
        <line num="6" count="1" type="stmt"/>
        <line num="16" count="1" type="stmt"/>
        <line num="17" count="1" type="stmt"/>
        <line num="19" count="28" type="stmt"/>
      </file>
    </package>
    <package name="store.product">
      <metrics statements="15" coveredstatements="13" conditionals="2" coveredconditionals="1" methods="5" coveredmethods="4"/>
      <file name="product.slice.ts" path="C:\Users\migue\Documents\Prueba Tecnica Wompi\frontend\src\store\product\product.slice.ts">
        <metrics statements="15" coveredstatements="13" conditionals="2" coveredconditionals="1" methods="5" coveredmethods="4"/>
        <line num="1" count="2" type="stmt"/>
        <line num="2" count="2" type="stmt"/>
        <line num="14" count="2" type="stmt"/>
        <line num="23" count="2" type="stmt"/>
        <line num="26" count="0" type="stmt"/>
        <line num="27" count="0" type="stmt"/>
        <line num="31" count="2" type="stmt"/>
        <line num="36" count="2" type="stmt"/>
        <line num="38" count="1" type="stmt"/>
        <line num="39" count="1" type="stmt"/>
        <line num="42" count="3" type="stmt"/>
        <line num="43" count="3" type="stmt"/>
        <line num="46" count="1" type="stmt"/>
        <line num="47" count="1" type="cond" truecount="1" falsecount="1"/>
        <line num="52" count="2" type="stmt"/>
      </file>
    </package>
    <package name="store.transaction">
      <metrics statements="47" coveredstatements="42" conditionals="8" coveredconditionals="4" methods="10" coveredmethods="9"/>
      <file name="transaction.slice.ts" path="C:\Users\migue\Documents\Prueba Tecnica Wompi\frontend\src\store\transaction\transaction.slice.ts">
        <metrics statements="47" coveredstatements="42" conditionals="8" coveredconditionals="4" methods="10" coveredmethods="9"/>
        <line num="1" count="2" type="stmt"/>
        <line num="3" count="2" type="stmt"/>
        <line num="40" count="2" type="stmt"/>
        <line num="42" count="2" type="stmt"/>
        <line num="51" count="2" type="stmt"/>
        <line num="52" count="3" type="cond" truecount="1" falsecount="1"/>
        <line num="53" count="3" type="stmt"/>
        <line num="54" count="3" type="stmt"/>
        <line num="55" count="3" type="cond" truecount="1" falsecount="1"/>
        <line num="56" count="0" type="stmt"/>
        <line num="57" count="0" type="stmt"/>
        <line num="59" count="0" type="stmt"/>
        <line num="63" count="2" type="stmt"/>
        <line num="64" count="6" type="cond" truecount="1" falsecount="1"/>
        <line num="65" count="6" type="stmt"/>
        <line num="68" count="2" type="stmt"/>
        <line num="78" count="0" type="stmt"/>
        <line num="79" count="0" type="stmt"/>
        <line num="91" count="2" type="stmt"/>
        <line num="104" count="2" type="stmt"/>
        <line num="105" count="2" type="stmt"/>
        <line num="106" count="2" type="stmt"/>
        <line num="107" count="2" type="stmt"/>
        <line num="108" count="2" type="stmt"/>
        <line num="111" count="1" type="stmt"/>
        <line num="112" count="1" type="stmt"/>
        <line num="115" count="1" type="stmt"/>
        <line num="119" count="2" type="stmt"/>
        <line num="121" count="1" type="stmt"/>
        <line num="122" count="1" type="stmt"/>
        <line num="123" count="1" type="stmt"/>
        <line num="124" count="1" type="stmt"/>
        <line num="127" count="1" type="stmt"/>
        <line num="128" count="1" type="stmt"/>
        <line num="129" count="1" type="stmt"/>
        <line num="130" count="1" type="stmt"/>
        <line num="131" count="1" type="stmt"/>
        <line num="132" count="1" type="stmt"/>
        <line num="133" count="1" type="stmt"/>
        <line num="134" count="1" type="stmt"/>
        <line num="135" count="1" type="stmt"/>
        <line num="138" count="1" type="stmt"/>
        <line num="139" count="1" type="stmt"/>
        <line num="140" count="1" type="cond" truecount="1" falsecount="1"/>
        <line num="141" count="1" type="stmt"/>
        <line num="146" count="2" type="stmt"/>
        <line num="149" count="2" type="stmt"/>
      </file>
    </package>
  </project>
</coverage>
