{"C:\\Users\\migue\\Documents\\Prueba Tecnica Wompi\\frontend\\src\\components\\cardValidation.ts": {"path":"C:\\Users\\migue\\Documents\\Prueba Tecnica Wompi\\frontend\\src\\components\\cardValidation.ts","statementMap":{"0":{"start":{"line":3,"column":0},"end":{"line":3,"column":16}},"1":{"start":{"line":10,"column":0},"end":{"line":10,"column":16}},"2":{"start":{"line":26,"column":0},"end":{"line":26,"column":16}},"3":{"start":{"line":4,"column":20},"end":{"line":4,"column":50}},"4":{"start":{"line":5,"column":2},"end":{"line":5,"column":65}},"5":{"start":{"line":5,"column":51},"end":{"line":5,"column":65}},"6":{"start":{"line":6,"column":2},"end":{"line":6,"column":65}},"7":{"start":{"line":6,"column":45},"end":{"line":6,"column":65}},"8":{"start":{"line":7,"column":2},"end":{"line":7,"column":19}},"9":{"start":{"line":11,"column":20},"end":{"line":11,"column":49}},"10":{"start":{"line":12,"column":12},"end":{"line":12,"column":13}},"11":{"start":{"line":13,"column":21},"end":{"line":13,"column":26}},"12":{"start":{"line":14,"column":2},"end":{"line":22,"column":3}},"13":{"start":{"line":14,"column":15},"end":{"line":14,"column":35}},"14":{"start":{"line":15,"column":16},"end":{"line":15,"column":49}},"15":{"start":{"line":16,"column":4},"end":{"line":19,"column":5}},"16":{"start":{"line":17,"column":6},"end":{"line":17,"column":17}},"17":{"start":{"line":18,"column":6},"end":{"line":18,"column":32}},"18":{"start":{"line":18,"column":21},"end":{"line":18,"column":32}},"19":{"start":{"line":20,"column":4},"end":{"line":20,"column":17}},"20":{"start":{"line":21,"column":4},"end":{"line":21,"column":33}},"21":{"start":{"line":23,"column":2},"end":{"line":23,"column":24}},"22":{"start":{"line":27,"column":12},"end":{"line":27,"column":31}},"23":{"start":{"line":28,"column":12},"end":{"line":28,"column":30}},"24":{"start":{"line":29,"column":2},"end":{"line":29,"column":48}},"25":{"start":{"line":29,"column":35},"end":{"line":29,"column":48}},"26":{"start":{"line":30,"column":14},"end":{"line":30,"column":24}},"27":{"start":{"line":31,"column":22},"end":{"line":31,"column":45}},"28":{"start":{"line":32,"column":23},"end":{"line":32,"column":41}},"29":{"start":{"line":33,"column":2},"end":{"line":33,"column":36}},"30":{"start":{"line":33,"column":23},"end":{"line":33,"column":36}},"31":{"start":{"line":34,"column":2},"end":{"line":34,"column":58}},"32":{"start":{"line":34,"column":45},"end":{"line":34,"column":58}},"33":{"start":{"line":35,"column":2},"end":{"line":35,"column":14}}},"fnMap":{"0":{"name":"detectBrand","decl":{"start":{"line":3,"column":16},"end":{"line":3,"column":27}},"loc":{"start":{"line":3,"column":46},"end":{"line":8,"column":1}}},"1":{"name":"luhnValid","decl":{"start":{"line":10,"column":16},"end":{"line":10,"column":25}},"loc":{"start":{"line":10,"column":44},"end":{"line":24,"column":1}}},"2":{"name":"isExpiryValid","decl":{"start":{"line":26,"column":16},"end":{"line":26,"column":29}},"loc":{"start":{"line":26,"column":57},"end":{"line":36,"column":1}}}},"branchMap":{"0":{"loc":{"start":{"line":5,"column":2},"end":{"line":5,"column":65}},"type":"if","locations":[{"start":{"line":5,"column":2},"end":{"line":5,"column":65}},{"start":{},"end":{}}]},"1":{"loc":{"start":{"line":6,"column":2},"end":{"line":6,"column":65}},"type":"if","locations":[{"start":{"line":6,"column":2},"end":{"line":6,"column":65}},{"start":{},"end":{}}]},"2":{"loc":{"start":{"line":16,"column":4},"end":{"line":19,"column":5}},"type":"if","locations":[{"start":{"line":16,"column":4},"end":{"line":19,"column":5}},{"start":{},"end":{}}]},"3":{"loc":{"start":{"line":18,"column":6},"end":{"line":18,"column":32}},"type":"if","locations":[{"start":{"line":18,"column":6},"end":{"line":18,"column":32}},{"start":{},"end":{}}]},"4":{"loc":{"start":{"line":29,"column":2},"end":{"line":29,"column":48}},"type":"if","locations":[{"start":{"line":29,"column":2},"end":{"line":29,"column":48}},{"start":{},"end":{}}]},"5":{"loc":{"start":{"line":29,"column":6},"end":{"line":29,"column":33}},"type":"binary-expr","locations":[{"start":{"line":29,"column":6},"end":{"line":29,"column":8}},{"start":{"line":29,"column":12},"end":{"line":29,"column":14}},{"start":{"line":29,"column":18},"end":{"line":29,"column":23}},{"start":{"line":29,"column":27},"end":{"line":29,"column":33}}]},"6":{"loc":{"start":{"line":33,"column":2},"end":{"line":33,"column":36}},"type":"if","locations":[{"start":{"line":33,"column":2},"end":{"line":33,"column":36}},{"start":{},"end":{}}]},"7":{"loc":{"start":{"line":34,"column":2},"end":{"line":34,"column":58}},"type":"if","locations":[{"start":{"line":34,"column":2},"end":{"line":34,"column":58}},{"start":{},"end":{}}]},"8":{"loc":{"start":{"line":34,"column":6},"end":{"line":34,"column":43}},"type":"binary-expr","locations":[{"start":{"line":34,"column":6},"end":{"line":34,"column":23}},{"start":{"line":34,"column":27},"end":{"line":34,"column":43}}]}},"s":{"0":2,"1":2,"2":2,"3":16,"4":16,"5":10,"6":6,"7":1,"8":5,"9":2,"10":2,"11":2,"12":2,"13":2,"14":32,"15":32,"16":16,"17":16,"18":0,"19":32,"20":32,"21":2,"22":3,"23":3,"24":3,"25":1,"26":2,"27":2,"28":2,"29":2,"30":1,"31":1,"32":0,"33":1},"f":{"0":16,"1":2,"2":3},"b":{"0":[10,6],"1":[1,5],"2":[16,16],"3":[0,16],"4":[1,2],"5":[3,2,2,2],"6":[1,1],"7":[0,1],"8":[1,0]}}
,"C:\\Users\\migue\\Documents\\Prueba Tecnica Wompi\\frontend\\src\\pages\\ProductPage.tsx": {"path":"C:\\Users\\migue\\Documents\\Prueba Tecnica Wompi\\frontend\\src\\pages\\ProductPage.tsx","statementMap":{"0":{"start":{"line":1,"column":0},"end":{"line":1,"column":44}},"1":{"start":{"line":2,"column":0},"end":{"line":2,"column":58}},"2":{"start":{"line":3,"column":0},"end":{"line":3,"column":66}},"3":{"start":{"line":9,"column":0},"end":{"line":9,"column":89}},"4":{"start":{"line":10,"column":0},"end":{"line":10,"column":85}},"5":{"start":{"line":12,"column":19},"end":{"line":12,"column":57}},"6":{"start":{"line":26,"column":19},"end":{"line":26,"column":35}},"7":{"start":{"line":27,"column":18},"end":{"line":27,"column":58}},"8":{"start":{"line":27,"column":44},"end":{"line":27,"column":57}},"9":{"start":{"line":28,"column":22},"end":{"line":28,"column":66}},"10":{"start":{"line":28,"column":48},"end":{"line":28,"column":65}},"11":{"start":{"line":30,"column":40},"end":{"line":30,"column":55}},"12":{"start":{"line":31,"column":40},"end":{"line":31,"column":55}},"13":{"start":{"line":32,"column":38},"end":{"line":32,"column":53}},"14":{"start":{"line":34,"column":26},"end":{"line":40,"column":4}},"15":{"start":{"line":41,"column":34},"end":{"line":44,"column":4}},"16":{"start":{"line":45,"column":34},"end":{"line":45,"column":73}},"17":{"start":{"line":46,"column":38},"end":{"line":46,"column":62}},"18":{"start":{"line":47,"column":50},"end":{"line":47,"column":61}},"19":{"start":{"line":49,"column":2},"end":{"line":53,"column":29}},"20":{"start":{"line":50,"column":4},"end":{"line":52,"column":5}},"21":{"start":{"line":51,"column":6},"end":{"line":51,"column":45}},"22":{"start":{"line":55,"column":23},"end":{"line":88,"column":3}},"23":{"start":{"line":56,"column":31},"end":{"line":56,"column":33}},"24":{"start":{"line":58,"column":17},"end":{"line":58,"column":37}},"25":{"start":{"line":59,"column":18},"end":{"line":59,"column":39}},"26":{"start":{"line":60,"column":20},"end":{"line":60,"column":43}},"27":{"start":{"line":61,"column":23},"end":{"line":61,"column":54}},"28":{"start":{"line":62,"column":23},"end":{"line":62,"column":51}},"29":{"start":{"line":64,"column":4},"end":{"line":66,"column":5}},"30":{"start":{"line":65,"column":6},"end":{"line":65,"column":74}},"31":{"start":{"line":67,"column":4},"end":{"line":69,"column":5}},"32":{"start":{"line":68,"column":6},"end":{"line":68,"column":66}},"33":{"start":{"line":70,"column":4},"end":{"line":72,"column":5}},"34":{"start":{"line":71,"column":6},"end":{"line":71,"column":72}},"35":{"start":{"line":73,"column":4},"end":{"line":75,"column":5}},"36":{"start":{"line":74,"column":6},"end":{"line":74,"column":48}},"37":{"start":{"line":76,"column":4},"end":{"line":79,"column":5}},"38":{"start":{"line":77,"column":6},"end":{"line":77,"column":51}},"39":{"start":{"line":78,"column":6},"end":{"line":78,"column":50}},"40":{"start":{"line":80,"column":4},"end":{"line":82,"column":5}},"41":{"start":{"line":81,"column":6},"end":{"line":81,"column":36}},"42":{"start":{"line":83,"column":19},"end":{"line":83,"column":45}},"43":{"start":{"line":84,"column":4},"end":{"line":86,"column":5}},"44":{"start":{"line":85,"column":6},"end":{"line":85,"column":79}},"45":{"start":{"line":87,"column":4},"end":{"line":87,"column":18}},"46":{"start":{"line":90,"column":28},"end":{"line":92,"column":3}},"47":{"start":{"line":91,"column":4},"end":{"line":91,"column":25}},"48":{"start":{"line":94,"column":34},"end":{"line":112,"column":3}},"49":{"start":{"line":95,"column":19},"end":{"line":95,"column":33}},"50":{"start":{"line":96,"column":4},"end":{"line":99,"column":5}},"51":{"start":{"line":97,"column":6},"end":{"line":97,"column":28}},"52":{"start":{"line":98,"column":6},"end":{"line":98,"column":13}},"53":{"start":{"line":100,"column":4},"end":{"line":100,"column":22}},"54":{"start":{"line":101,"column":4},"end":{"line":101,"column":28}},"55":{"start":{"line":101,"column":21},"end":{"line":101,"column":28}},"56":{"start":{"line":102,"column":4},"end":{"line":109,"column":6}},"57":{"start":{"line":110,"column":4},"end":{"line":110,"column":26}},"58":{"start":{"line":111,"column":4},"end":{"line":111,"column":25}},"59":{"start":{"line":114,"column":31},"end":{"line":127,"column":3}},"60":{"start":{"line":115,"column":4},"end":{"line":115,"column":28}},"61":{"start":{"line":115,"column":21},"end":{"line":115,"column":28}},"62":{"start":{"line":116,"column":4},"end":{"line":123,"column":6}},"63":{"start":{"line":124,"column":4},"end":{"line":124,"column":24}},"64":{"start":{"line":125,"column":4},"end":{"line":125,"column":26}},"65":{"start":{"line":126,"column":4},"end":{"line":126,"column":26}},"66":{"start":{"line":129,"column":27},"end":{"line":133,"column":3}},"67":{"start":{"line":130,"column":4},"end":{"line":130,"column":36}},"68":{"start":{"line":130,"column":29},"end":{"line":130,"column":36}},"69":{"start":{"line":131,"column":4},"end":{"line":131,"column":26}},"70":{"start":{"line":132,"column":4},"end":{"line":132,"column":25}},"71":{"start":{"line":135,"column":28},"end":{"line":139,"column":3}},"72":{"start":{"line":136,"column":4},"end":{"line":136,"column":25}},"73":{"start":{"line":137,"column":4},"end":{"line":137,"column":27}},"74":{"start":{"line":138,"column":4},"end":{"line":138,"column":43}},"75":{"start":{"line":141,"column":2},"end":{"line":159,"column":19}},"76":{"start":{"line":142,"column":4},"end":{"line":144,"column":5}},"77":{"start":{"line":143,"column":6},"end":{"line":143,"column":13}},"78":{"start":{"line":146,"column":4},"end":{"line":146,"column":27}},"79":{"start":{"line":147,"column":21},"end":{"line":156,"column":12}},"80":{"start":{"line":148,"column":6},"end":{"line":155,"column":9}},"81":{"start":{"line":149,"column":8},"end":{"line":153,"column":9}},"82":{"start":{"line":150,"column":10},"end":{"line":150,"column":34}},"83":{"start":{"line":151,"column":10},"end":{"line":151,"column":30}},"84":{"start":{"line":152,"column":10},"end":{"line":152,"column":19}},"85":{"start":{"line":154,"column":8},"end":{"line":154,"column":24}},"86":{"start":{"line":158,"column":4},"end":{"line":158,"column":41}},"87":{"start":{"line":158,"column":17},"end":{"line":158,"column":40}},"88":{"start":{"line":161,"column":20},"end":{"line":161,"column":44}},"89":{"start":{"line":163,"column":2},"end":{"line":419,"column":4}},"90":{"start":{"line":195,"column":18},"end":{"line":195,"column":74}},"91":{"start":{"line":195,"column":37},"end":{"line":195,"column":72}},"92":{"start":{"line":210,"column":20},"end":{"line":210,"column":78}},"93":{"start":{"line":210,"column":39},"end":{"line":210,"column":76}},"94":{"start":{"line":224,"column":20},"end":{"line":224,"column":77}},"95":{"start":{"line":224,"column":39},"end":{"line":224,"column":75}},"96":{"start":{"line":238,"column":20},"end":{"line":238,"column":73}},"97":{"start":{"line":238,"column":39},"end":{"line":238,"column":71}},"98":{"start":{"line":253,"column":18},"end":{"line":256,"column":21}},"99":{"start":{"line":253,"column":37},"end":{"line":256,"column":20}},"100":{"start":{"line":273,"column":22},"end":{"line":273,"column":80}},"101":{"start":{"line":273,"column":45},"end":{"line":273,"column":78}},"102":{"start":{"line":286,"column":22},"end":{"line":286,"column":81}},"103":{"start":{"line":286,"column":45},"end":{"line":286,"column":79}},"104":{"start":{"line":303,"column":22},"end":{"line":303,"column":62}},"105":{"start":{"line":422,"column":0},"end":{"line":422,"column":27}}},"fnMap":{"0":{"name":"ProductPage","decl":{"start":{"line":25,"column":9},"end":{"line":25,"column":20}},"loc":{"start":{"line":25,"column":20},"end":{"line":420,"column":1}}},"1":{"name":"(anonymous_1)","decl":{"start":{"line":27,"column":33},"end":{"line":27,"column":34}},"loc":{"start":{"line":27,"column":44},"end":{"line":27,"column":57}}},"2":{"name":"(anonymous_2)","decl":{"start":{"line":28,"column":37},"end":{"line":28,"column":38}},"loc":{"start":{"line":28,"column":48},"end":{"line":28,"column":65}}},"3":{"name":"(anonymous_3)","decl":{"start":{"line":49,"column":12},"end":{"line":49,"column":15}},"loc":{"start":{"line":49,"column":17},"end":{"line":53,"column":3}}},"4":{"name":"(anonymous_4)","decl":{"start":{"line":55,"column":23},"end":{"line":55,"column":38}},"loc":{"start":{"line":55,"column":40},"end":{"line":88,"column":3}}},"5":{"name":"(anonymous_5)","decl":{"start":{"line":90,"column":28},"end":{"line":90,"column":31}},"loc":{"start":{"line":90,"column":33},"end":{"line":92,"column":3}}},"6":{"name":"(anonymous_6)","decl":{"start":{"line":94,"column":34},"end":{"line":94,"column":37}},"loc":{"start":{"line":94,"column":39},"end":{"line":112,"column":3}}},"7":{"name":"(anonymous_7)","decl":{"start":{"line":114,"column":31},"end":{"line":114,"column":36}},"loc":{"start":{"line":114,"column":42},"end":{"line":127,"column":3}}},"8":{"name":"(anonymous_8)","decl":{"start":{"line":129,"column":27},"end":{"line":129,"column":30}},"loc":{"start":{"line":129,"column":32},"end":{"line":133,"column":3}}},"9":{"name":"(anonymous_9)","decl":{"start":{"line":135,"column":28},"end":{"line":135,"column":31}},"loc":{"start":{"line":135,"column":33},"end":{"line":139,"column":3}}},"10":{"name":"(anonymous_10)","decl":{"start":{"line":141,"column":12},"end":{"line":141,"column":15}},"loc":{"start":{"line":141,"column":17},"end":{"line":159,"column":3}}},"11":{"name":"(anonymous_11)","decl":{"start":{"line":147,"column":33},"end":{"line":147,"column":36}},"loc":{"start":{"line":147,"column":38},"end":{"line":156,"column":5}}},"12":{"name":"(anonymous_12)","decl":{"start":{"line":148,"column":26},"end":{"line":148,"column":27}},"loc":{"start":{"line":148,"column":35},"end":{"line":155,"column":7}}},"13":{"name":"(anonymous_13)","decl":{"start":{"line":158,"column":11},"end":{"line":158,"column":14}},"loc":{"start":{"line":158,"column":17},"end":{"line":158,"column":40}}},"14":{"name":"(anonymous_14)","decl":{"start":{"line":194,"column":26},"end":{"line":194,"column":27}},"loc":{"start":{"line":195,"column":18},"end":{"line":195,"column":74}}},"15":{"name":"(anonymous_15)","decl":{"start":{"line":195,"column":26},"end":{"line":195,"column":27}},"loc":{"start":{"line":195,"column":37},"end":{"line":195,"column":72}}},"16":{"name":"(anonymous_16)","decl":{"start":{"line":209,"column":28},"end":{"line":209,"column":29}},"loc":{"start":{"line":210,"column":20},"end":{"line":210,"column":78}}},"17":{"name":"(anonymous_17)","decl":{"start":{"line":210,"column":28},"end":{"line":210,"column":29}},"loc":{"start":{"line":210,"column":39},"end":{"line":210,"column":76}}},"18":{"name":"(anonymous_18)","decl":{"start":{"line":223,"column":28},"end":{"line":223,"column":29}},"loc":{"start":{"line":224,"column":20},"end":{"line":224,"column":77}}},"19":{"name":"(anonymous_19)","decl":{"start":{"line":224,"column":28},"end":{"line":224,"column":29}},"loc":{"start":{"line":224,"column":39},"end":{"line":224,"column":75}}},"20":{"name":"(anonymous_20)","decl":{"start":{"line":237,"column":28},"end":{"line":237,"column":29}},"loc":{"start":{"line":238,"column":20},"end":{"line":238,"column":73}}},"21":{"name":"(anonymous_21)","decl":{"start":{"line":238,"column":28},"end":{"line":238,"column":29}},"loc":{"start":{"line":238,"column":39},"end":{"line":238,"column":71}}},"22":{"name":"(anonymous_22)","decl":{"start":{"line":252,"column":26},"end":{"line":252,"column":27}},"loc":{"start":{"line":253,"column":18},"end":{"line":256,"column":21}}},"23":{"name":"(anonymous_23)","decl":{"start":{"line":253,"column":26},"end":{"line":253,"column":27}},"loc":{"start":{"line":253,"column":37},"end":{"line":256,"column":20}}},"24":{"name":"(anonymous_24)","decl":{"start":{"line":272,"column":30},"end":{"line":272,"column":31}},"loc":{"start":{"line":273,"column":22},"end":{"line":273,"column":80}}},"25":{"name":"(anonymous_25)","decl":{"start":{"line":273,"column":34},"end":{"line":273,"column":35}},"loc":{"start":{"line":273,"column":45},"end":{"line":273,"column":78}}},"26":{"name":"(anonymous_26)","decl":{"start":{"line":285,"column":30},"end":{"line":285,"column":31}},"loc":{"start":{"line":286,"column":22},"end":{"line":286,"column":81}}},"27":{"name":"(anonymous_27)","decl":{"start":{"line":286,"column":34},"end":{"line":286,"column":35}},"loc":{"start":{"line":286,"column":45},"end":{"line":286,"column":79}}},"28":{"name":"(anonymous_28)","decl":{"start":{"line":302,"column":30},"end":{"line":302,"column":31}},"loc":{"start":{"line":303,"column":22},"end":{"line":303,"column":62}}}},"branchMap":{"0":{"loc":{"start":{"line":50,"column":4},"end":{"line":52,"column":5}},"type":"if","locations":[{"start":{"line":50,"column":4},"end":{"line":52,"column":5}},{"start":{},"end":{}}]},"1":{"loc":{"start":{"line":64,"column":4},"end":{"line":66,"column":5}},"type":"if","locations":[{"start":{"line":64,"column":4},"end":{"line":66,"column":5}},{"start":{},"end":{}}]},"2":{"loc":{"start":{"line":64,"column":8},"end":{"line":64,"column":32}},"type":"binary-expr","locations":[{"start":{"line":64,"column":8},"end":{"line":64,"column":13}},{"start":{"line":64,"column":17},"end":{"line":64,"column":32}}]},"3":{"loc":{"start":{"line":67,"column":4},"end":{"line":69,"column":5}},"type":"if","locations":[{"start":{"line":67,"column":4},"end":{"line":69,"column":5}},{"start":{},"end":{}}]},"4":{"loc":{"start":{"line":67,"column":8},"end":{"line":67,"column":41}},"type":"binary-expr","locations":[{"start":{"line":67,"column":8},"end":{"line":67,"column":14}},{"start":{"line":67,"column":18},"end":{"line":67,"column":41}}]},"5":{"loc":{"start":{"line":70,"column":4},"end":{"line":72,"column":5}},"type":"if","locations":[{"start":{"line":70,"column":4},"end":{"line":72,"column":5}},{"start":{},"end":{}}]},"6":{"loc":{"start":{"line":70,"column":8},"end":{"line":70,"column":38}},"type":"binary-expr","locations":[{"start":{"line":70,"column":8},"end":{"line":70,"column":16}},{"start":{"line":70,"column":20},"end":{"line":70,"column":38}}]},"7":{"loc":{"start":{"line":73,"column":4},"end":{"line":75,"column":5}},"type":"if","locations":[{"start":{"line":73,"column":4},"end":{"line":75,"column":5}},{"start":{},"end":{}}]},"8":{"loc":{"start":{"line":73,"column":8},"end":{"line":73,"column":98}},"type":"binary-expr","locations":[{"start":{"line":73,"column":8},"end":{"line":73,"column":19}},{"start":{"line":73,"column":23},"end":{"line":73,"column":45}},{"start":{"line":73,"column":49},"end":{"line":73,"column":71}},{"start":{"line":73,"column":75},"end":{"line":73,"column":98}}]},"9":{"loc":{"start":{"line":76,"column":4},"end":{"line":79,"column":5}},"type":"if","locations":[{"start":{"line":76,"column":4},"end":{"line":79,"column":5}},{"start":{},"end":{}}]},"10":{"loc":{"start":{"line":80,"column":4},"end":{"line":82,"column":5}},"type":"if","locations":[{"start":{"line":80,"column":4},"end":{"line":82,"column":5}},{"start":{},"end":{}}]},"11":{"loc":{"start":{"line":80,"column":8},"end":{"line":80,"column":63}},"type":"binary-expr","locations":[{"start":{"line":80,"column":8},"end":{"line":80,"column":17}},{"start":{"line":80,"column":21},"end":{"line":80,"column":40}},{"start":{"line":80,"column":44},"end":{"line":80,"column":63}}]},"12":{"loc":{"start":{"line":84,"column":4},"end":{"line":86,"column":5}},"type":"if","locations":[{"start":{"line":84,"column":4},"end":{"line":86,"column":5}},{"start":{},"end":{}}]},"13":{"loc":{"start":{"line":84,"column":8},"end":{"line":84,"column":36}},"type":"binary-expr","locations":[{"start":{"line":84,"column":8},"end":{"line":84,"column":15}},{"start":{"line":84,"column":19},"end":{"line":84,"column":36}}]},"14":{"loc":{"start":{"line":96,"column":4},"end":{"line":99,"column":5}},"type":"if","locations":[{"start":{"line":96,"column":4},"end":{"line":99,"column":5}},{"start":{},"end":{}}]},"15":{"loc":{"start":{"line":101,"column":4},"end":{"line":101,"column":28}},"type":"if","locations":[{"start":{"line":101,"column":4},"end":{"line":101,"column":28}},{"start":{},"end":{}}]},"16":{"loc":{"start":{"line":115,"column":4},"end":{"line":115,"column":28}},"type":"if","locations":[{"start":{"line":115,"column":4},"end":{"line":115,"column":28}},{"start":{},"end":{}}]},"17":{"loc":{"start":{"line":130,"column":4},"end":{"line":130,"column":36}},"type":"if","locations":[{"start":{"line":130,"column":4},"end":{"line":130,"column":36}},{"start":{},"end":{}}]},"18":{"loc":{"start":{"line":142,"column":4},"end":{"line":144,"column":5}},"type":"if","locations":[{"start":{"line":142,"column":4},"end":{"line":144,"column":5}},{"start":{},"end":{}}]},"19":{"loc":{"start":{"line":149,"column":8},"end":{"line":153,"column":9}},"type":"if","locations":[{"start":{"line":149,"column":8},"end":{"line":153,"column":9}},{"start":{},"end":{}}]},"20":{"loc":{"start":{"line":166,"column":9},"end":{"line":181,"column":null}},"type":"cond-expr","locations":[{"start":{"line":167,"column":10},"end":{"line":167,"column":35}},{"start":{"line":169,"column":10},"end":{"line":180,"column":null}}]},"21":{"loc":{"start":{"line":185,"column":7},"end":{"line":320,"column":null}},"type":"binary-expr","locations":[{"start":{"line":185,"column":7},"end":{"line":185,"column":18}},{"start":{"line":186,"column":8},"end":{"line":319,"column":null}}]},"22":{"loc":{"start":{"line":192,"column":27},"end":{"line":192,"column":69}},"type":"cond-expr","locations":[{"start":{"line":192,"column":51},"end":{"line":192,"column":64}},{"start":{"line":192,"column":67},"end":{"line":192,"column":69}}]},"23":{"loc":{"start":{"line":199,"column":15},"end":{"line":200,"column":null}},"type":"binary-expr","locations":[{"start":{"line":199,"column":15},"end":{"line":199,"column":36}},{"start":{"line":200,"column":16},"end":{"line":200,"column":76}}]},"24":{"loc":{"start":{"line":207,"column":29},"end":{"line":207,"column":69}},"type":"cond-expr","locations":[{"start":{"line":207,"column":51},"end":{"line":207,"column":64}},{"start":{"line":207,"column":67},"end":{"line":207,"column":69}}]},"25":{"loc":{"start":{"line":214,"column":17},"end":{"line":215,"column":null}},"type":"binary-expr","locations":[{"start":{"line":214,"column":17},"end":{"line":214,"column":36}},{"start":{"line":215,"column":18},"end":{"line":215,"column":76}}]},"26":{"loc":{"start":{"line":221,"column":29},"end":{"line":221,"column":68}},"type":"cond-expr","locations":[{"start":{"line":221,"column":50},"end":{"line":221,"column":63}},{"start":{"line":221,"column":66},"end":{"line":221,"column":68}}]},"27":{"loc":{"start":{"line":228,"column":17},"end":{"line":229,"column":null}},"type":"binary-expr","locations":[{"start":{"line":228,"column":17},"end":{"line":228,"column":35}},{"start":{"line":229,"column":18},"end":{"line":229,"column":75}}]},"28":{"loc":{"start":{"line":235,"column":29},"end":{"line":235,"column":64}},"type":"cond-expr","locations":[{"start":{"line":235,"column":46},"end":{"line":235,"column":59}},{"start":{"line":235,"column":62},"end":{"line":235,"column":64}}]},"29":{"loc":{"start":{"line":242,"column":17},"end":{"line":243,"column":null}},"type":"binary-expr","locations":[{"start":{"line":242,"column":17},"end":{"line":242,"column":31}},{"start":{"line":243,"column":18},"end":{"line":243,"column":71}}]},"30":{"loc":{"start":{"line":250,"column":27},"end":{"line":250,"column":73}},"type":"cond-expr","locations":[{"start":{"line":250,"column":55},"end":{"line":250,"column":68}},{"start":{"line":250,"column":71},"end":{"line":250,"column":73}}]},"31":{"loc":{"start":{"line":259,"column":15},"end":{"line":260,"column":null}},"type":"binary-expr","locations":[{"start":{"line":259,"column":15},"end":{"line":259,"column":40}},{"start":{"line":260,"column":16},"end":{"line":260,"column":80}}]},"32":{"loc":{"start":{"line":270,"column":31},"end":{"line":270,"column":75}},"type":"cond-expr","locations":[{"start":{"line":270,"column":57},"end":{"line":270,"column":70}},{"start":{"line":270,"column":73},"end":{"line":270,"column":75}}]},"33":{"loc":{"start":{"line":276,"column":19},"end":{"line":277,"column":null}},"type":"binary-expr","locations":[{"start":{"line":276,"column":19},"end":{"line":276,"column":42}},{"start":{"line":277,"column":20},"end":{"line":277,"column":82}}]},"34":{"loc":{"start":{"line":283,"column":31},"end":{"line":283,"column":76}},"type":"cond-expr","locations":[{"start":{"line":283,"column":58},"end":{"line":283,"column":71}},{"start":{"line":283,"column":74},"end":{"line":283,"column":76}}]},"35":{"loc":{"start":{"line":289,"column":19},"end":{"line":290,"column":null}},"type":"binary-expr","locations":[{"start":{"line":289,"column":19},"end":{"line":289,"column":43}},{"start":{"line":290,"column":20},"end":{"line":290,"column":83}}]},"36":{"loc":{"start":{"line":300,"column":31},"end":{"line":300,"column":70}},"type":"cond-expr","locations":[{"start":{"line":300,"column":52},"end":{"line":300,"column":65}},{"start":{"line":300,"column":68},"end":{"line":300,"column":70}}]},"37":{"loc":{"start":{"line":306,"column":19},"end":{"line":307,"column":null}},"type":"binary-expr","locations":[{"start":{"line":306,"column":19},"end":{"line":306,"column":37}},{"start":{"line":307,"column":20},"end":{"line":307,"column":77}}]},"38":{"loc":{"start":{"line":323,"column":7},"end":{"line":373,"column":null}},"type":"binary-expr","locations":[{"start":{"line":323,"column":7},"end":{"line":323,"column":18}},{"start":{"line":323,"column":22},"end":{"line":323,"column":32}},{"start":{"line":324,"column":8},"end":{"line":372,"column":null}}]},"39":{"loc":{"start":{"line":361,"column":15},"end":{"line":369,"column":null}},"type":"cond-expr","locations":[{"start":{"line":362,"column":16},"end":{"line":366,"column":null}},{"start":{"line":369,"column":16},"end":{"line":369,"column":25}}]},"40":{"loc":{"start":{"line":376,"column":7},"end":{"line":416,"column":null}},"type":"binary-expr","locations":[{"start":{"line":376,"column":7},"end":{"line":376,"column":17}},{"start":{"line":377,"column":8},"end":{"line":415,"column":null}}]},"41":{"loc":{"start":{"line":384,"column":18},"end":{"line":390,"column":48}},"type":"cond-expr","locations":[{"start":{"line":385,"column":22},"end":{"line":385,"column":51}},{"start":{"line":386,"column":22},"end":{"line":390,"column":48}}]},"42":{"loc":{"start":{"line":386,"column":22},"end":{"line":390,"column":48}},"type":"cond-expr","locations":[{"start":{"line":387,"column":22},"end":{"line":387,"column":51}},{"start":{"line":388,"column":22},"end":{"line":390,"column":48}}]},"43":{"loc":{"start":{"line":388,"column":22},"end":{"line":390,"column":48}},"type":"cond-expr","locations":[{"start":{"line":389,"column":22},"end":{"line":389,"column":50}},{"start":{"line":390,"column":22},"end":{"line":390,"column":48}}]},"44":{"loc":{"start":{"line":397,"column":13},"end":{"line":397,"column":77}},"type":"binary-expr","locations":[{"start":{"line":397,"column":13},"end":{"line":397,"column":45}},{"start":{"line":397,"column":49},"end":{"line":397,"column":77}}]},"45":{"loc":{"start":{"line":399,"column":13},"end":{"line":399,"column":74}},"type":"binary-expr","locations":[{"start":{"line":399,"column":13},"end":{"line":399,"column":46}},{"start":{"line":399,"column":50},"end":{"line":399,"column":74}}]},"46":{"loc":{"start":{"line":400,"column":13},"end":{"line":400,"column":74}},"type":"binary-expr","locations":[{"start":{"line":400,"column":13},"end":{"line":400,"column":46}},{"start":{"line":400,"column":50},"end":{"line":400,"column":74}}]},"47":{"loc":{"start":{"line":401,"column":13},"end":{"line":402,"column":null}},"type":"binary-expr","locations":[{"start":{"line":401,"column":13},"end":{"line":401,"column":43}},{"start":{"line":402,"column":14},"end":{"line":402,"column":66}}]},"48":{"loc":{"start":{"line":404,"column":13},"end":{"line":407,"column":null}},"type":"binary-expr","locations":[{"start":{"line":404,"column":13},"end":{"line":404,"column":33}},{"start":{"line":405,"column":14},"end":{"line":406,"column":null}}]}},"s":{"0":1,"1":1,"2":1,"3":1,"4":1,"5":1,"6":14,"7":14,"8":17,"9":14,"10":17,"11":14,"12":14,"13":14,"14":14,"15":14,"16":14,"17":14,"18":14,"19":14,"20":2,"21":0,"22":14,"23":2,"24":2,"25":2,"26":2,"27":2,"28":2,"29":2,"30":1,"31":2,"32":1,"33":2,"34":1,"35":2,"36":1,"37":2,"38":1,"39":1,"40":2,"41":1,"42":2,"43":2,"44":1,"45":2,"46":14,"47":2,"48":14,"49":2,"50":2,"51":1,"52":1,"53":1,"54":1,"55":0,"56":1,"57":1,"58":1,"59":14,"60":0,"61":0,"62":0,"63":0,"64":0,"65":0,"66":14,"67":0,"68":0,"69":0,"70":0,"71":14,"72":0,"73":0,"74":0,"75":14,"76":2,"77":2,"78":0,"79":0,"80":0,"81":0,"82":0,"83":0,"84":0,"85":0,"86":0,"87":0,"88":14,"89":14,"90":1,"91":1,"92":1,"93":1,"94":1,"95":1,"96":1,"97":1,"98":1,"99":1,"100":1,"101":1,"102":1,"103":1,"104":1,"105":1},"f":{"0":14,"1":17,"2":17,"3":2,"4":2,"5":2,"6":2,"7":0,"8":0,"9":0,"10":2,"11":0,"12":0,"13":0,"14":1,"15":1,"16":1,"17":1,"18":1,"19":1,"20":1,"21":1,"22":1,"23":1,"24":1,"25":1,"26":1,"27":1,"28":1},"b":{"0":[0,2],"1":[1,1],"2":[2,1],"3":[1,1],"4":[2,1],"5":[1,1],"6":[2,1],"7":[1,1],"8":[2,1,1,1],"9":[1,1],"10":[1,1],"11":[2,1,1],"12":[1,1],"13":[2,1],"14":[1,1],"15":[0,1],"16":[0,0],"17":[0,0],"18":[2,0],"19":[0,0],"20":[0,14],"21":[14,11],"22":[1,10],"23":[11,1],"24":[1,10],"25":[11,1],"26":[1,10],"27":[11,1],"28":[1,10],"29":[11,1],"30":[1,10],"31":[11,1],"32":[1,10],"33":[11,1],"34":[1,10],"35":[11,1],"36":[1,10],"37":[11,1],"38":[14,1,1],"39":[0,1],"40":[14,0],"41":[0,0],"42":[0,0],"43":[0,0],"44":[0,0],"45":[0,0],"46":[0,0],"47":[0,0],"48":[0,0]}}
,"C:\\Users\\migue\\Documents\\Prueba Tecnica Wompi\\frontend\\src\\store\\index.ts": {"path":"C:\\Users\\migue\\Documents\\Prueba Tecnica Wompi\\frontend\\src\\store\\index.ts","statementMap":{"0":{"start":{"line":1,"column":0},"end":{"line":1,"column":50}},"1":{"start":{"line":2,"column":0},"end":{"line":2,"column":55}},"2":{"start":{"line":3,"column":0},"end":{"line":3,"column":53}},"3":{"start":{"line":4,"column":0},"end":{"line":4,"column":65}},"4":{"start":{"line":6,"column":13},"end":{"line":11,"column":3}},"5":{"start":{"line":16,"column":13},"end":{"line":16,"column":61}},"6":{"start":{"line":17,"column":30},"end":{"line":19,"column":37}},"7":{"start":{"line":19,"column":16},"end":{"line":19,"column":37}},"8":{"start":{"line":17,"column":13},"end":{"line":17,"column":30}}},"fnMap":{"0":{"name":"(anonymous_1)","decl":{"start":{"line":17,"column":30},"end":{"line":17,"column":null}},"loc":{"start":{"line":19,"column":16},"end":{"line":19,"column":37}}}},"branchMap":{},"s":{"0":1,"1":1,"2":1,"3":1,"4":1,"5":1,"6":1,"7":28,"8":1},"f":{"0":28},"b":{}}
,"C:\\Users\\migue\\Documents\\Prueba Tecnica Wompi\\frontend\\src\\store\\product\\product.slice.ts": {"path":"C:\\Users\\migue\\Documents\\Prueba Tecnica Wompi\\frontend\\src\\store\\product\\product.slice.ts","statementMap":{"0":{"start":{"line":1,"column":0},"end":{"line":1,"column":65}},"1":{"start":{"line":2,"column":0},"end":{"line":2,"column":26}},"2":{"start":{"line":14,"column":35},"end":{"line":21,"column":2}},"3":{"start":{"line":23,"column":13},"end":{"line":29,"column":2}},"4":{"start":{"line":26,"column":21},"end":{"line":26,"column":59}},"5":{"start":{"line":27,"column":4},"end":{"line":27,"column":68}},"6":{"start":{"line":31,"column":21},"end":{"line":50,"column":2}},"7":{"start":{"line":36,"column":4},"end":{"line":48,"column":9}},"8":{"start":{"line":38,"column":8},"end":{"line":38,"column":29}},"9":{"start":{"line":39,"column":8},"end":{"line":39,"column":32}},"10":{"start":{"line":42,"column":8},"end":{"line":42,"column":30}},"11":{"start":{"line":43,"column":8},"end":{"line":43,"column":45}},"12":{"start":{"line":46,"column":8},"end":{"line":46,"column":30}},"13":{"start":{"line":47,"column":8},"end":{"line":47,"column":71}},"14":{"start":{"line":52,"column":0},"end":{"line":52,"column":36}}},"fnMap":{"0":{"name":"(anonymous_1)","decl":{"start":{"line":25,"column":2},"end":{"line":25,"column":7}},"loc":{"start":{"line":25,"column":23},"end":{"line":28,"column":3}}},"1":{"name":"(anonymous_2)","decl":{"start":{"line":35,"column":17},"end":{"line":35,"column":18}},"loc":{"start":{"line":35,"column":29},"end":{"line":49,"column":3}}},"2":{"name":"(anonymous_3)","decl":{"start":{"line":37,"column":41},"end":{"line":37,"column":42}},"loc":{"start":{"line":37,"column":51},"end":{"line":40,"column":7}}},"3":{"name":"(anonymous_4)","decl":{"start":{"line":41,"column":43},"end":{"line":41,"column":44}},"loc":{"start":{"line":41,"column":61},"end":{"line":44,"column":7}}},"4":{"name":"(anonymous_5)","decl":{"start":{"line":45,"column":42},"end":{"line":45,"column":43}},"loc":{"start":{"line":45,"column":60},"end":{"line":48,"column":7}}}},"branchMap":{"0":{"loc":{"start":{"line":47,"column":22},"end":{"line":47,"column":70}},"type":"binary-expr","locations":[{"start":{"line":47,"column":22},"end":{"line":47,"column":42}},{"start":{"line":47,"column":46},"end":{"line":47,"column":70}}]}},"s":{"0":2,"1":2,"2":2,"3":2,"4":0,"5":0,"6":2,"7":2,"8":1,"9":1,"10":3,"11":3,"12":1,"13":1,"14":2},"f":{"0":0,"1":2,"2":1,"3":3,"4":1},"b":{"0":[1,0]}}
,"C:\\Users\\migue\\Documents\\Prueba Tecnica Wompi\\frontend\\src\\store\\transaction\\transaction.slice.ts": {"path":"C:\\Users\\migue\\Documents\\Prueba Tecnica Wompi\\frontend\\src\\store\\transaction\\transaction.slice.ts","statementMap":{"0":{"start":{"line":1,"column":0},"end":{"line":1,"column":65}},"1":{"start":{"line":3,"column":0},"end":{"line":3,"column":26}},"2":{"start":{"line":40,"column":20},"end":{"line":40,"column":50}},"3":{"start":{"line":42,"column":43},"end":{"line":49,"column":2}},"4":{"start":{"line":51,"column":34},"end":{"line":61,"column":1}},"5":{"start":{"line":52,"column":2},"end":{"line":52,"column":61}},"6":{"start":{"line":52,"column":37},"end":{"line":52,"column":61}},"7":{"start":{"line":53,"column":2},"end":{"line":60,"column":3}},"8":{"start":{"line":54,"column":16},"end":{"line":54,"column":56}},"9":{"start":{"line":55,"column":4},"end":{"line":55,"column":38}},"10":{"start":{"line":55,"column":14},"end":{"line":55,"column":38}},"11":{"start":{"line":56,"column":19},"end":{"line":56,"column":54}},"12":{"start":{"line":57,"column":4},"end":{"line":57,"column":46}},"13":{"start":{"line":59,"column":4},"end":{"line":59,"column":28}},"14":{"start":{"line":51,"column":13},"end":{"line":51,"column":34}},"15":{"start":{"line":63,"column":32},"end":{"line":66,"column":1}},"16":{"start":{"line":64,"column":2},"end":{"line":64,"column":44}},"17":{"start":{"line":64,"column":37},"end":{"line":64,"column":44}},"18":{"start":{"line":65,"column":2},"end":{"line":65,"column":66}},"19":{"start":{"line":63,"column":13},"end":{"line":63,"column":32}},"20":{"start":{"line":68,"column":13},"end":{"line":89,"column":2}},"21":{"start":{"line":78,"column":21},"end":{"line":78,"column":67}},"22":{"start":{"line":79,"column":4},"end":{"line":87,"column":6}},"23":{"start":{"line":91,"column":25},"end":{"line":144,"column":2}},"24":{"start":{"line":104,"column":6},"end":{"line":104,"column":49}},"25":{"start":{"line":105,"column":6},"end":{"line":105,"column":47}},"26":{"start":{"line":106,"column":6},"end":{"line":106,"column":47}},"27":{"start":{"line":107,"column":6},"end":{"line":107,"column":39}},"28":{"start":{"line":108,"column":6},"end":{"line":108,"column":30}},"29":{"start":{"line":111,"column":6},"end":{"line":111,"column":45}},"30":{"start":{"line":112,"column":6},"end":{"line":112,"column":30}},"31":{"start":{"line":115,"column":6},"end":{"line":115,"column":43}},"32":{"start":{"line":119,"column":4},"end":{"line":142,"column":9}},"33":{"start":{"line":121,"column":8},"end":{"line":121,"column":29}},"34":{"start":{"line":122,"column":8},"end":{"line":122,"column":32}},"35":{"start":{"line":123,"column":8},"end":{"line":123,"column":33}},"36":{"start":{"line":124,"column":8},"end":{"line":124,"column":32}},"37":{"start":{"line":127,"column":8},"end":{"line":127,"column":30}},"38":{"start":{"line":128,"column":8},"end":{"line":128,"column":59}},"39":{"start":{"line":129,"column":8},"end":{"line":129,"column":45}},"40":{"start":{"line":130,"column":8},"end":{"line":130,"column":51}},"41":{"start":{"line":131,"column":8},"end":{"line":131,"column":45}},"42":{"start":{"line":132,"column":8},"end":{"line":132,"column":47}},"43":{"start":{"line":133,"column":8},"end":{"line":133,"column":55}},"44":{"start":{"line":134,"column":8},"end":{"line":134,"column":43}},"45":{"start":{"line":135,"column":8},"end":{"line":135,"column":32}},"46":{"start":{"line":138,"column":8},"end":{"line":138,"column":30}},"47":{"start":{"line":139,"column":8},"end":{"line":139,"column":31}},"48":{"start":{"line":140,"column":8},"end":{"line":140,"column":63}},"49":{"start":{"line":141,"column":8},"end":{"line":141,"column":32}},"50":{"start":{"line":146,"column":13},"end":{"line":146,"column":null}},"51":{"start":{"line":149,"column":0},"end":{"line":149,"column":40}}},"fnMap":{"0":{"name":"(anonymous_1)","decl":{"start":{"line":51,"column":34},"end":{"line":51,"column":55}},"loc":{"start":{"line":51,"column":57},"end":{"line":61,"column":1}}},"1":{"name":"(anonymous_2)","decl":{"start":{"line":63,"column":32},"end":{"line":63,"column":33}},"loc":{"start":{"line":63,"column":60},"end":{"line":66,"column":1}}},"2":{"name":"(anonymous_3)","decl":{"start":{"line":70,"column":2},"end":{"line":70,"column":7}},"loc":{"start":{"line":77,"column":6},"end":{"line":88,"column":3}}},"3":{"name":"(anonymous_4)","decl":{"start":{"line":95,"column":4},"end":{"line":95,"column":16}},"loc":{"start":{"line":102,"column":8},"end":{"line":109,"column":5}}},"4":{"name":"(anonymous_5)","decl":{"start":{"line":110,"column":4},"end":{"line":110,"column":20}},"loc":{"start":{"line":110,"column":26},"end":{"line":113,"column":5}}},"5":{"name":"(anonymous_6)","decl":{"start":{"line":114,"column":4},"end":{"line":114,"column":11}},"loc":{"start":{"line":114,"column":58},"end":{"line":116,"column":5}}},"6":{"name":"(anonymous_7)","decl":{"start":{"line":118,"column":17},"end":{"line":118,"column":18}},"loc":{"start":{"line":118,"column":29},"end":{"line":143,"column":3}}},"7":{"name":"(anonymous_8)","decl":{"start":{"line":120,"column":42},"end":{"line":120,"column":43}},"loc":{"start":{"line":120,"column":52},"end":{"line":125,"column":7}}},"8":{"name":"(anonymous_9)","decl":{"start":{"line":126,"column":44},"end":{"line":126,"column":45}},"loc":{"start":{"line":126,"column":62},"end":{"line":136,"column":7}}},"9":{"name":"(anonymous_10)","decl":{"start":{"line":137,"column":43},"end":{"line":137,"column":44}},"loc":{"start":{"line":137,"column":61},"end":{"line":142,"column":7}}}},"branchMap":{"0":{"loc":{"start":{"line":52,"column":2},"end":{"line":52,"column":61}},"type":"if","locations":[{"start":{"line":52,"column":2},"end":{"line":52,"column":61}},{"start":{},"end":{}}]},"1":{"loc":{"start":{"line":55,"column":4},"end":{"line":55,"column":38}},"type":"if","locations":[{"start":{"line":55,"column":4},"end":{"line":55,"column":38}},{"start":{},"end":{}}]},"2":{"loc":{"start":{"line":64,"column":2},"end":{"line":64,"column":44}},"type":"if","locations":[{"start":{"line":64,"column":2},"end":{"line":64,"column":44}},{"start":{},"end":{}}]},"3":{"loc":{"start":{"line":140,"column":22},"end":{"line":140,"column":62}},"type":"binary-expr","locations":[{"start":{"line":140,"column":22},"end":{"line":140,"column":42}},{"start":{"line":140,"column":46},"end":{"line":140,"column":62}}]}},"s":{"0":2,"1":2,"2":2,"3":2,"4":2,"5":3,"6":0,"7":3,"8":3,"9":3,"10":3,"11":0,"12":0,"13":0,"14":2,"15":2,"16":6,"17":0,"18":6,"19":2,"20":2,"21":0,"22":0,"23":2,"24":2,"25":2,"26":2,"27":2,"28":2,"29":1,"30":1,"31":1,"32":2,"33":1,"34":1,"35":1,"36":1,"37":1,"38":1,"39":1,"40":1,"41":1,"42":1,"43":1,"44":1,"45":1,"46":1,"47":1,"48":1,"49":1,"50":2,"51":2},"f":{"0":3,"1":6,"2":0,"3":2,"4":1,"5":1,"6":2,"7":1,"8":1,"9":1},"b":{"0":[0,3],"1":[3,0],"2":[0,6],"3":[1,0]}}
}
