TN:
SF:src\components\cardValidation.ts
FN:3,detectBrand
FN:10,luhnValid
FN:26,isExpiryValid
FNF:3
FNH:3
FNDA:16,detectBrand
FNDA:2,luhnValid
FNDA:3,isExpiryValid
DA:3,2
DA:4,16
DA:5,16
DA:6,6
DA:7,5
DA:10,2
DA:11,2
DA:12,2
DA:13,2
DA:14,2
DA:15,32
DA:16,32
DA:17,16
DA:18,16
DA:20,32
DA:21,32
DA:23,2
DA:26,2
DA:27,3
DA:28,3
DA:29,3
DA:30,2
DA:31,2
DA:32,2
DA:33,2
DA:34,1
DA:35,1
LF:27
LH:27
BRDA:5,0,0,10
BRDA:5,0,1,6
BRDA:6,1,0,1
BRDA:6,1,1,5
BRDA:16,2,0,16
BRDA:16,2,1,16
BRDA:18,3,0,0
BRDA:18,3,1,16
BRDA:29,4,0,1
BRDA:29,4,1,2
BRDA:29,5,0,3
BRDA:29,5,1,2
BRDA:29,5,2,2
BRDA:29,5,3,2
BRDA:33,6,0,1
BRDA:33,6,1,1
BRDA:34,7,0,0
BRDA:34,7,1,1
BRDA:34,8,0,1
BRDA:34,8,1,0
BRF:20
BRH:17
end_of_record
TN:
SF:src\pages\ProductPage.tsx
FN:25,ProductPage
FN:27,(anonymous_1)
FN:28,(anonymous_2)
FN:49,(anonymous_3)
FN:55,(anonymous_4)
FN:90,(anonymous_5)
FN:94,(anonymous_6)
FN:114,(anonymous_7)
FN:129,(anonymous_8)
FN:135,(anonymous_9)
FN:141,(anonymous_10)
FN:147,(anonymous_11)
FN:148,(anonymous_12)
FN:158,(anonymous_13)
FN:194,(anonymous_14)
FN:195,(anonymous_15)
FN:209,(anonymous_16)
FN:210,(anonymous_17)
FN:223,(anonymous_18)
FN:224,(anonymous_19)
FN:237,(anonymous_20)
FN:238,(anonymous_21)
FN:252,(anonymous_22)
FN:253,(anonymous_23)
FN:272,(anonymous_24)
FN:273,(anonymous_25)
FN:285,(anonymous_26)
FN:286,(anonymous_27)
FN:302,(anonymous_28)
FNF:29
FNH:23
FNDA:14,ProductPage
FNDA:17,(anonymous_1)
FNDA:17,(anonymous_2)
FNDA:2,(anonymous_3)
FNDA:2,(anonymous_4)
FNDA:2,(anonymous_5)
FNDA:2,(anonymous_6)
FNDA:0,(anonymous_7)
FNDA:0,(anonymous_8)
FNDA:0,(anonymous_9)
FNDA:2,(anonymous_10)
FNDA:0,(anonymous_11)
FNDA:0,(anonymous_12)
FNDA:0,(anonymous_13)
FNDA:1,(anonymous_14)
FNDA:1,(anonymous_15)
FNDA:1,(anonymous_16)
FNDA:1,(anonymous_17)
FNDA:1,(anonymous_18)
FNDA:1,(anonymous_19)
FNDA:1,(anonymous_20)
FNDA:1,(anonymous_21)
FNDA:1,(anonymous_22)
FNDA:1,(anonymous_23)
FNDA:1,(anonymous_24)
FNDA:1,(anonymous_25)
FNDA:1,(anonymous_26)
FNDA:1,(anonymous_27)
FNDA:1,(anonymous_28)
DA:1,1
DA:2,1
DA:3,1
DA:9,1
DA:10,1
DA:12,1
DA:26,14
DA:27,17
DA:28,17
DA:30,14
DA:31,14
DA:32,14
DA:34,14
DA:41,14
DA:45,14
DA:46,14
DA:47,14
DA:49,14
DA:50,2
DA:51,0
DA:55,14
DA:56,2
DA:58,2
DA:59,2
DA:60,2
DA:61,2
DA:62,2
DA:64,2
DA:65,1
DA:67,2
DA:68,1
DA:70,2
DA:71,1
DA:73,2
DA:74,1
DA:76,2
DA:77,1
DA:78,1
DA:80,2
DA:81,1
DA:83,2
DA:84,2
DA:85,1
DA:87,2
DA:90,14
DA:91,2
DA:94,14
DA:95,2
DA:96,2
DA:97,1
DA:98,1
DA:100,1
DA:101,1
DA:102,1
DA:110,1
DA:111,1
DA:114,14
DA:115,0
DA:116,0
DA:124,0
DA:125,0
DA:126,0
DA:129,14
DA:130,0
DA:131,0
DA:132,0
DA:135,14
DA:136,0
DA:137,0
DA:138,0
DA:141,14
DA:142,2
DA:143,2
DA:146,0
DA:147,0
DA:148,0
DA:149,0
DA:150,0
DA:151,0
DA:152,0
DA:154,0
DA:158,0
DA:161,14
DA:163,14
DA:195,1
DA:210,1
DA:224,1
DA:238,1
DA:253,1
DA:273,1
DA:286,1
DA:303,1
DA:422,1
LF:93
LH:72
BRDA:50,0,0,0
BRDA:50,0,1,2
BRDA:64,1,0,1
BRDA:64,1,1,1
BRDA:64,2,0,2
BRDA:64,2,1,1
BRDA:67,3,0,1
BRDA:67,3,1,1
BRDA:67,4,0,2
BRDA:67,4,1,1
BRDA:70,5,0,1
BRDA:70,5,1,1
BRDA:70,6,0,2
BRDA:70,6,1,1
BRDA:73,7,0,1
BRDA:73,7,1,1
BRDA:73,8,0,2
BRDA:73,8,1,1
BRDA:73,8,2,1
BRDA:73,8,3,1
BRDA:76,9,0,1
BRDA:76,9,1,1
BRDA:80,10,0,1
BRDA:80,10,1,1
BRDA:80,11,0,2
BRDA:80,11,1,1
BRDA:80,11,2,1
BRDA:84,12,0,1
BRDA:84,12,1,1
BRDA:84,13,0,2
BRDA:84,13,1,1
BRDA:96,14,0,1
BRDA:96,14,1,1
BRDA:101,15,0,0
BRDA:101,15,1,1
BRDA:115,16,0,0
BRDA:115,16,1,0
BRDA:130,17,0,0
BRDA:130,17,1,0
BRDA:142,18,0,2
BRDA:142,18,1,0
BRDA:149,19,0,0
BRDA:149,19,1,0
BRDA:166,20,0,0
BRDA:166,20,1,14
BRDA:185,21,0,14
BRDA:185,21,1,11
BRDA:192,22,0,1
BRDA:192,22,1,10
BRDA:199,23,0,11
BRDA:199,23,1,1
BRDA:207,24,0,1
BRDA:207,24,1,10
BRDA:214,25,0,11
BRDA:214,25,1,1
BRDA:221,26,0,1
BRDA:221,26,1,10
BRDA:228,27,0,11
BRDA:228,27,1,1
BRDA:235,28,0,1
BRDA:235,28,1,10
BRDA:242,29,0,11
BRDA:242,29,1,1
BRDA:250,30,0,1
BRDA:250,30,1,10
BRDA:259,31,0,11
BRDA:259,31,1,1
BRDA:270,32,0,1
BRDA:270,32,1,10
BRDA:276,33,0,11
BRDA:276,33,1,1
BRDA:283,34,0,1
BRDA:283,34,1,10
BRDA:289,35,0,11
BRDA:289,35,1,1
BRDA:300,36,0,1
BRDA:300,36,1,10
BRDA:306,37,0,11
BRDA:306,37,1,1
BRDA:323,38,0,14
BRDA:323,38,1,1
BRDA:323,38,2,1
BRDA:361,39,0,0
BRDA:361,39,1,1
BRDA:376,40,0,14
BRDA:376,40,1,0
BRDA:384,41,0,0
BRDA:384,41,1,0
BRDA:386,42,0,0
BRDA:386,42,1,0
BRDA:388,43,0,0
BRDA:388,43,1,0
BRDA:397,44,0,0
BRDA:397,44,1,0
BRDA:399,45,0,0
BRDA:399,45,1,0
BRDA:400,46,0,0
BRDA:400,46,1,0
BRDA:401,47,0,0
BRDA:401,47,1,0
BRDA:404,48,0,0
BRDA:404,48,1,0
BRF:102
BRH:74
end_of_record
TN:
SF:src\store\index.ts
FN:17,(anonymous_1)
FNF:1
FNH:1
FNDA:28,(anonymous_1)
DA:1,1
DA:2,1
DA:3,1
DA:4,1
DA:6,1
DA:16,1
DA:17,1
DA:19,28
LF:8
LH:8
BRF:0
BRH:0
end_of_record
TN:
SF:src\store\product\product.slice.ts
FN:25,(anonymous_1)
FN:35,(anonymous_2)
FN:37,(anonymous_3)
FN:41,(anonymous_4)
FN:45,(anonymous_5)
FNF:5
FNH:4
FNDA:0,(anonymous_1)
FNDA:2,(anonymous_2)
FNDA:1,(anonymous_3)
FNDA:3,(anonymous_4)
FNDA:1,(anonymous_5)
DA:1,2
DA:2,2
DA:14,2
DA:23,2
DA:26,0
DA:27,0
DA:31,2
DA:36,2
DA:38,1
DA:39,1
DA:42,3
DA:43,3
DA:46,1
DA:47,1
DA:52,2
LF:15
LH:13
BRDA:47,0,0,1
BRDA:47,0,1,0
BRF:2
BRH:1
end_of_record
TN:
SF:src\store\transaction\transaction.slice.ts
FN:51,(anonymous_1)
FN:63,(anonymous_2)
FN:70,(anonymous_3)
FN:95,(anonymous_4)
FN:110,(anonymous_5)
FN:114,(anonymous_6)
FN:118,(anonymous_7)
FN:120,(anonymous_8)
FN:126,(anonymous_9)
FN:137,(anonymous_10)
FNF:10
FNH:9
FNDA:3,(anonymous_1)
FNDA:6,(anonymous_2)
FNDA:0,(anonymous_3)
FNDA:2,(anonymous_4)
FNDA:1,(anonymous_5)
FNDA:1,(anonymous_6)
FNDA:2,(anonymous_7)
FNDA:1,(anonymous_8)
FNDA:1,(anonymous_9)
FNDA:1,(anonymous_10)
DA:1,2
DA:3,2
DA:40,2
DA:42,2
DA:51,2
DA:52,3
DA:53,3
DA:54,3
DA:55,3
DA:56,0
DA:57,0
DA:59,0
DA:63,2
DA:64,6
DA:65,6
DA:68,2
DA:78,0
DA:79,0
DA:91,2
DA:104,2
DA:105,2
DA:106,2
DA:107,2
DA:108,2
DA:111,1
DA:112,1
DA:115,1
DA:119,2
DA:121,1
DA:122,1
DA:123,1
DA:124,1
DA:127,1
DA:128,1
DA:129,1
DA:130,1
DA:131,1
DA:132,1
DA:133,1
DA:134,1
DA:135,1
DA:138,1
DA:139,1
DA:140,1
DA:141,1
DA:146,2
DA:149,2
LF:47
LH:42
BRDA:52,0,0,0
BRDA:52,0,1,3
BRDA:55,1,0,3
BRDA:55,1,1,0
BRDA:64,2,0,0
BRDA:64,2,1,6
BRDA:140,3,0,1
BRDA:140,3,1,0
BRF:8
BRH:4
end_of_record
