{"C:\\Users\\migue\\Documents\\Prueba Tecnica Wompi\\backend\\src\\modules\\customers\\domain\\customer.repository.ts": {"path":"C:\\Users\\migue\\Documents\\Prueba Tecnica Wompi\\backend\\src\\modules\\customers\\domain\\customer.repository.ts","statementMap":{"0":{"start":{"line":14,"column":0},"end":{"line":14,"column":22}}},"fnMap":{},"branchMap":{},"s":{"0":2},"f":{},"b":{}}
,"C:\\Users\\migue\\Documents\\Prueba Tecnica Wompi\\backend\\src\\modules\\customers\\infrastructure\\persistence\\prisma-customer.repository.ts": {"path":"C:\\Users\\migue\\Documents\\Prueba Tecnica Wompi\\backend\\src\\modules\\customers\\infrastructure\\persistence\\prisma-customer.repository.ts","statementMap":{"0":{"start":{"line":1,"column":0},"end":{"line":1,"column":44}},"1":{"start":{"line":2,"column":0},"end":{"line":2,"column":76}},"2":{"start":{"line":10,"column":7},"end":{"line":34,"column":null}},"3":{"start":{"line":11,"column":31},"end":{"line":11,"column":39}},"4":{"start":{"line":14,"column":21},"end":{"line":25,"column":6}},"5":{"start":{"line":27,"column":4},"end":{"line":32,"column":6}},"6":{"start":{"line":10,"column":13},"end":{"line":10,"column":37}},"7":{"start":{"line":10,"column":13},"end":{"line":34,"column":null}}},"fnMap":{"0":{"name":"(anonymous_2)","decl":{"start":{"line":11,"column":2},"end":{"line":11,"column":31}},"loc":{"start":{"line":11,"column":52},"end":{"line":11,"column":56}}},"1":{"name":"(anonymous_3)","decl":{"start":{"line":13,"column":2},"end":{"line":13,"column":7}},"loc":{"start":{"line":13,"column":49},"end":{"line":33,"column":3}}}},"branchMap":{"0":{"loc":{"start":{"line":31,"column":22},"end":{"line":31,"column":58}},"type":"binary-expr","locations":[{"start":{"line":31,"column":22},"end":{"line":31,"column":45}},{"start":{"line":31,"column":49},"end":{"line":31,"column":58}}]},"1":{"loc":{"start":{"line":11,"column":39},"end":{"line":11,"column":55}},"type":"cond-expr","locations":[{"start":{"line":11,"column":52},"end":{"line":11,"column":55}},{"start":{"line":11,"column":52},"end":{"line":11,"column":55}}]},"2":{"loc":{"start":{"line":11,"column":39},"end":{"line":11,"column":52}},"type":"binary-expr","locations":[{"start":{"line":11,"column":39},"end":{"line":11,"column":55}},{"start":{"line":11,"column":39},"end":{"line":11,"column":52}}]}},"s":{"0":1,"1":1,"2":1,"3":1,"4":1,"5":1,"6":1,"7":1},"f":{"0":1,"1":1},"b":{"0":[1,1],"1":[1,0],"2":[1,1]}}
,"C:\\Users\\migue\\Documents\\Prueba Tecnica Wompi\\backend\\src\\modules\\delivery\\domain\\delivery.repository.ts": {"path":"C:\\Users\\migue\\Documents\\Prueba Tecnica Wompi\\backend\\src\\modules\\delivery\\domain\\delivery.repository.ts","statementMap":{"0":{"start":{"line":8,"column":0},"end":{"line":8,"column":22}}},"fnMap":{},"branchMap":{},"s":{"0":2},"f":{},"b":{}}
,"C:\\Users\\migue\\Documents\\Prueba Tecnica Wompi\\backend\\src\\modules\\delivery\\infrastructure\\persistence\\prisma-delivery.repository.ts": {"path":"C:\\Users\\migue\\Documents\\Prueba Tecnica Wompi\\backend\\src\\modules\\delivery\\infrastructure\\persistence\\prisma-delivery.repository.ts","statementMap":{"0":{"start":{"line":1,"column":0},"end":{"line":1,"column":44}},"1":{"start":{"line":2,"column":0},"end":{"line":2,"column":76}},"2":{"start":{"line":9,"column":7},"end":{"line":23,"column":null}},"3":{"start":{"line":10,"column":31},"end":{"line":10,"column":39}},"4":{"start":{"line":13,"column":4},"end":{"line":21,"column":7}},"5":{"start":{"line":9,"column":13},"end":{"line":9,"column":37}},"6":{"start":{"line":9,"column":13},"end":{"line":23,"column":null}}},"fnMap":{"0":{"name":"(anonymous_2)","decl":{"start":{"line":10,"column":2},"end":{"line":10,"column":31}},"loc":{"start":{"line":10,"column":52},"end":{"line":10,"column":56}}},"1":{"name":"(anonymous_3)","decl":{"start":{"line":12,"column":2},"end":{"line":12,"column":7}},"loc":{"start":{"line":12,"column":41},"end":{"line":22,"column":3}}}},"branchMap":{"0":{"loc":{"start":{"line":10,"column":39},"end":{"line":10,"column":55}},"type":"cond-expr","locations":[{"start":{"line":10,"column":52},"end":{"line":10,"column":55}},{"start":{"line":10,"column":52},"end":{"line":10,"column":55}}]},"1":{"loc":{"start":{"line":10,"column":39},"end":{"line":10,"column":52}},"type":"binary-expr","locations":[{"start":{"line":10,"column":39},"end":{"line":10,"column":55}},{"start":{"line":10,"column":39},"end":{"line":10,"column":52}}]}},"s":{"0":1,"1":1,"2":1,"3":1,"4":1,"5":1,"6":1},"f":{"0":1,"1":1},"b":{"0":[1,0],"1":[1,1]}}
,"C:\\Users\\migue\\Documents\\Prueba Tecnica Wompi\\backend\\src\\modules\\products\\application\\use-cases\\get-product-by-id.usecase.ts": {"path":"C:\\Users\\migue\\Documents\\Prueba Tecnica Wompi\\backend\\src\\modules\\products\\application\\use-cases\\get-product-by-id.usecase.ts","statementMap":{"0":{"start":{"line":1,"column":0},"end":{"line":1,"column":44}},"1":{"start":{"line":2,"column":0},"end":{"line":2,"column":65}},"2":{"start":{"line":4,"column":0},"end":{"line":4,"column":68}},"3":{"start":{"line":7,"column":7},"end":{"line":19,"column":null}},"4":{"start":{"line":8,"column":31},"end":{"line":8,"column":50}},"5":{"start":{"line":11,"column":20},"end":{"line":11,"column":61}},"6":{"start":{"line":12,"column":4},"end":{"line":16,"column":5}},"7":{"start":{"line":13,"column":6},"end":{"line":15,"column":8}},"8":{"start":{"line":17,"column":4},"end":{"line":17,"column":46}},"9":{"start":{"line":7,"column":13},"end":{"line":7,"column":34}},"10":{"start":{"line":7,"column":13},"end":{"line":19,"column":null}}},"fnMap":{"0":{"name":"(anonymous_2)","decl":{"start":{"line":8,"column":2},"end":{"line":8,"column":31}},"loc":{"start":{"line":8,"column":67},"end":{"line":8,"column":71}}},"1":{"name":"(anonymous_3)","decl":{"start":{"line":10,"column":2},"end":{"line":10,"column":7}},"loc":{"start":{"line":10,"column":26},"end":{"line":18,"column":3}}}},"branchMap":{"0":{"loc":{"start":{"line":12,"column":4},"end":{"line":16,"column":5}},"type":"if","locations":[{"start":{"line":12,"column":4},"end":{"line":16,"column":5}},{"start":{},"end":{}}]},"1":{"loc":{"start":{"line":8,"column":50},"end":{"line":8,"column":70}},"type":"cond-expr","locations":[{"start":{"line":8,"column":67},"end":{"line":8,"column":70}},{"start":{"line":8,"column":67},"end":{"line":8,"column":70}}]},"2":{"loc":{"start":{"line":8,"column":50},"end":{"line":8,"column":67}},"type":"binary-expr","locations":[{"start":{"line":8,"column":50},"end":{"line":8,"column":70}},{"start":{"line":8,"column":50},"end":{"line":8,"column":67}}]}},"s":{"0":2,"1":2,"2":2,"3":2,"4":2,"5":2,"6":2,"7":1,"8":1,"9":2,"10":2},"f":{"0":2,"1":2},"b":{"0":[1,1],"1":[2,0],"2":[2,2]}}
,"C:\\Users\\migue\\Documents\\Prueba Tecnica Wompi\\backend\\src\\modules\\products\\domain\\product.repository.ts": {"path":"C:\\Users\\migue\\Documents\\Prueba Tecnica Wompi\\backend\\src\\modules\\products\\domain\\product.repository.ts","statementMap":{"0":{"start":{"line":4,"column":0},"end":{"line":4,"column":22}}},"fnMap":{},"branchMap":{},"s":{"0":4},"f":{},"b":{}}
,"C:\\Users\\migue\\Documents\\Prueba Tecnica Wompi\\backend\\src\\modules\\products\\infrastructure\\controllers\\products.controller.ts": {"path":"C:\\Users\\migue\\Documents\\Prueba Tecnica Wompi\\backend\\src\\modules\\products\\infrastructure\\controllers\\products.controller.ts","statementMap":{"0":{"start":{"line":1,"column":0},"end":{"line":1,"column":75}},"1":{"start":{"line":2,"column":0},"end":{"line":2,"column":94}},"2":{"start":{"line":5,"column":7},"end":{"line":18,"column":null}},"3":{"start":{"line":6,"column":31},"end":{"line":6,"column":54}},"4":{"start":{"line":10,"column":19},"end":{"line":10,"column":63}},"5":{"start":{"line":12,"column":4},"end":{"line":14,"column":5}},"6":{"start":{"line":13,"column":6},"end":{"line":13,"column":56}},"7":{"start":{"line":16,"column":4},"end":{"line":16,"column":24}},"8":{"start":{"line":5,"column":13},"end":{"line":5,"column":31}},"9":{"start":{"line":9,"column":8},"end":{"line":17,"column":null}},"10":{"start":{"line":5,"column":13},"end":{"line":18,"column":null}}},"fnMap":{"0":{"name":"(anonymous_4)","decl":{"start":{"line":6,"column":2},"end":{"line":6,"column":31}},"loc":{"start":{"line":6,"column":75},"end":{"line":6,"column":79}}},"1":{"name":"(anonymous_5)","decl":{"start":{"line":9,"column":8},"end":{"line":9,"column":15}},"loc":{"start":{"line":9,"column":39},"end":{"line":17,"column":3}}}},"branchMap":{"0":{"loc":{"start":{"line":12,"column":4},"end":{"line":14,"column":5}},"type":"if","locations":[{"start":{"line":12,"column":4},"end":{"line":14,"column":5}},{"start":{},"end":{}}]},"1":{"loc":{"start":{"line":6,"column":54},"end":{"line":6,"column":78}},"type":"cond-expr","locations":[{"start":{"line":6,"column":75},"end":{"line":6,"column":78}},{"start":{"line":6,"column":75},"end":{"line":6,"column":78}}]},"2":{"loc":{"start":{"line":6,"column":54},"end":{"line":6,"column":75}},"type":"binary-expr","locations":[{"start":{"line":6,"column":54},"end":{"line":6,"column":78}},{"start":{"line":6,"column":54},"end":{"line":6,"column":75}}]}},"s":{"0":1,"1":1,"2":1,"3":2,"4":2,"5":2,"6":1,"7":1,"8":1,"9":1,"10":1},"f":{"0":2,"1":2},"b":{"0":[1,1],"1":[1,0],"2":[1,1]}}
,"C:\\Users\\migue\\Documents\\Prueba Tecnica Wompi\\backend\\src\\modules\\products\\infrastructure\\persistence\\prisma-product.repository.ts": {"path":"C:\\Users\\migue\\Documents\\Prueba Tecnica Wompi\\backend\\src\\modules\\products\\infrastructure\\persistence\\prisma-product.repository.ts","statementMap":{"0":{"start":{"line":1,"column":0},"end":{"line":1,"column":44}},"1":{"start":{"line":2,"column":0},"end":{"line":2,"column":76}},"2":{"start":{"line":7,"column":7},"end":{"line":27,"column":null}},"3":{"start":{"line":8,"column":31},"end":{"line":8,"column":39}},"4":{"start":{"line":11,"column":20},"end":{"line":14,"column":6}},"5":{"start":{"line":16,"column":4},"end":{"line":16,"column":30}},"6":{"start":{"line":16,"column":18},"end":{"line":16,"column":30}},"7":{"start":{"line":18,"column":4},"end":{"line":25,"column":6}},"8":{"start":{"line":7,"column":13},"end":{"line":7,"column":36}},"9":{"start":{"line":7,"column":13},"end":{"line":27,"column":null}}},"fnMap":{"0":{"name":"(anonymous_2)","decl":{"start":{"line":8,"column":2},"end":{"line":8,"column":31}},"loc":{"start":{"line":8,"column":52},"end":{"line":8,"column":56}}},"1":{"name":"(anonymous_3)","decl":{"start":{"line":10,"column":2},"end":{"line":10,"column":7}},"loc":{"start":{"line":10,"column":27},"end":{"line":26,"column":3}}}},"branchMap":{"0":{"loc":{"start":{"line":16,"column":4},"end":{"line":16,"column":30}},"type":"if","locations":[{"start":{"line":16,"column":4},"end":{"line":16,"column":30}},{"start":{},"end":{}}]},"1":{"loc":{"start":{"line":21,"column":19},"end":{"line":21,"column":51}},"type":"binary-expr","locations":[{"start":{"line":21,"column":19},"end":{"line":21,"column":38}},{"start":{"line":21,"column":42},"end":{"line":21,"column":51}}]},"2":{"loc":{"start":{"line":24,"column":9},"end":{"line":24,"column":37}},"type":"binary-expr","locations":[{"start":{"line":24,"column":9},"end":{"line":24,"column":32}},{"start":{"line":24,"column":36},"end":{"line":24,"column":37}}]},"3":{"loc":{"start":{"line":24,"column":42},"end":{"line":24,"column":78}},"type":"binary-expr","locations":[{"start":{"line":24,"column":42},"end":{"line":24,"column":73}},{"start":{"line":24,"column":77},"end":{"line":24,"column":78}}]},"4":{"loc":{"start":{"line":8,"column":39},"end":{"line":8,"column":55}},"type":"cond-expr","locations":[{"start":{"line":8,"column":52},"end":{"line":8,"column":55}},{"start":{"line":8,"column":52},"end":{"line":8,"column":55}}]},"5":{"loc":{"start":{"line":8,"column":39},"end":{"line":8,"column":52}},"type":"binary-expr","locations":[{"start":{"line":8,"column":39},"end":{"line":8,"column":55}},{"start":{"line":8,"column":39},"end":{"line":8,"column":52}}]}},"s":{"0":1,"1":1,"2":1,"3":2,"4":2,"5":2,"6":1,"7":1,"8":1,"9":1},"f":{"0":2,"1":2},"b":{"0":[1,1],"1":[1,0],"2":[1,0],"3":[1,0],"4":[1,0],"5":[1,1]}}
,"C:\\Users\\migue\\Documents\\Prueba Tecnica Wompi\\backend\\src\\modules\\transactions\\application\\use-cases\\create-payment-transaction.usecase.ts": {"path":"C:\\Users\\migue\\Documents\\Prueba Tecnica Wompi\\backend\\src\\modules\\transactions\\application\\use-cases\\create-payment-transaction.usecase.ts","statementMap":{"0":{"start":{"line":1,"column":0},"end":{"line":1,"column":44}},"1":{"start":{"line":2,"column":0},"end":{"line":2,"column":53}},"2":{"start":{"line":3,"column":0},"end":{"line":3,"column":79}},"3":{"start":{"line":4,"column":0},"end":{"line":4,"column":null}},"4":{"start":{"line":8,"column":0},"end":{"line":8,"column":81}},"5":{"start":{"line":9,"column":0},"end":{"line":9,"column":null}},"6":{"start":{"line":13,"column":0},"end":{"line":13,"column":96}},"7":{"start":{"line":14,"column":0},"end":{"line":14,"column":null}},"8":{"start":{"line":43,"column":7},"end":{"line":256,"column":null}},"9":{"start":{"line":44,"column":30},"end":{"line":44,"column":33}},"10":{"start":{"line":45,"column":34},"end":{"line":45,"column":38}},"11":{"start":{"line":48,"column":21},"end":{"line":48,"column":40}},"12":{"start":{"line":49,"column":21},"end":{"line":49,"column":41}},"13":{"start":{"line":50,"column":21},"end":{"line":50,"column":41}},"14":{"start":{"line":51,"column":21},"end":{"line":51,"column":44}},"15":{"start":{"line":52,"column":21},"end":{"line":52,"column":37}},"16":{"start":{"line":58,"column":28},"end":{"line":58,"column":57}},"17":{"start":{"line":59,"column":4},"end":{"line":61,"column":5}},"18":{"start":{"line":60,"column":6},"end":{"line":60,"column":75}},"19":{"start":{"line":63,"column":20},"end":{"line":63,"column":76}},"20":{"start":{"line":64,"column":4},"end":{"line":68,"column":5}},"21":{"start":{"line":65,"column":6},"end":{"line":67,"column":8}},"22":{"start":{"line":70,"column":21},"end":{"line":71,"column":null}},"23":{"start":{"line":74,"column":19},"end":{"line":74,"column":32}},"24":{"start":{"line":75,"column":20},"end":{"line":75,"column":39}},"25":{"start":{"line":76,"column":24},"end":{"line":76,"column":47}},"26":{"start":{"line":77,"column":18},"end":{"line":77,"column":48}},"27":{"start":{"line":79,"column":23},"end":{"line":86,"column":6}},"28":{"start":{"line":89,"column":24},"end":{"line":98,"column":6}},"29":{"start":{"line":100,"column":52},"end":{"line":101,"column":null}},"30":{"start":{"line":104,"column":22},"end":{"line":108,"column":6}},"31":{"start":{"line":110,"column":4},"end":{"line":130,"column":5}},"32":{"start":{"line":116,"column":31},"end":{"line":116,"column":56}},"33":{"start":{"line":117,"column":21},"end":{"line":117,"column":39}},"34":{"start":{"line":118,"column":6},"end":{"line":121,"column":9}},"35":{"start":{"line":122,"column":6},"end":{"line":122,"column":33}},"36":{"start":{"line":124,"column":6},"end":{"line":129,"column":9}},"37":{"start":{"line":132,"column":36},"end":{"line":140,"column":6}},"38":{"start":{"line":142,"column":4},"end":{"line":142,"column":53}},"39":{"start":{"line":146,"column":17},"end":{"line":146,"column":45}},"40":{"start":{"line":147,"column":18},"end":{"line":147,"column":47}},"41":{"start":{"line":148,"column":20},"end":{"line":148,"column":51}},"42":{"start":{"line":149,"column":23},"end":{"line":149,"column":62}},"43":{"start":{"line":150,"column":21},"end":{"line":150,"column":49}},"44":{"start":{"line":151,"column":20},"end":{"line":151,"column":47}},"45":{"start":{"line":152,"column":16},"end":{"line":152,"column":39}},"46":{"start":{"line":153,"column":19},"end":{"line":153,"column":53}},"47":{"start":{"line":155,"column":23},"end":{"line":155,"column":51}},"48":{"start":{"line":157,"column":4},"end":{"line":159,"column":5}},"49":{"start":{"line":158,"column":6},"end":{"line":158,"column":59}},"50":{"start":{"line":161,"column":4},"end":{"line":163,"column":5}},"51":{"start":{"line":162,"column":6},"end":{"line":162,"column":50}},"52":{"start":{"line":165,"column":4},"end":{"line":167,"column":5}},"53":{"start":{"line":166,"column":6},"end":{"line":166,"column":62}},"54":{"start":{"line":169,"column":4},"end":{"line":171,"column":5}},"55":{"start":{"line":170,"column":6},"end":{"line":170,"column":35}},"56":{"start":{"line":173,"column":4},"end":{"line":175,"column":5}},"57":{"start":{"line":174,"column":6},"end":{"line":174,"column":40}},"58":{"start":{"line":177,"column":4},"end":{"line":179,"column":5}},"59":{"start":{"line":178,"column":6},"end":{"line":178,"column":30}},"60":{"start":{"line":181,"column":4},"end":{"line":183,"column":5}},"61":{"start":{"line":182,"column":6},"end":{"line":182,"column":62}},"62":{"start":{"line":185,"column":4},"end":{"line":185,"column":16}},"63":{"start":{"line":189,"column":4},"end":{"line":191,"column":5}},"64":{"start":{"line":190,"column":6},"end":{"line":190,"column":19}},"65":{"start":{"line":193,"column":14},"end":{"line":193,"column":15}},"66":{"start":{"line":194,"column":23},"end":{"line":194,"column":28}},"67":{"start":{"line":196,"column":4},"end":{"line":212,"column":5}},"68":{"start":{"line":196,"column":17},"end":{"line":196,"column":38}},"69":{"start":{"line":197,"column":18},"end":{"line":197,"column":52}},"70":{"start":{"line":199,"column":6},"end":{"line":201,"column":7}},"71":{"start":{"line":200,"column":8},"end":{"line":200,"column":21}},"72":{"start":{"line":203,"column":6},"end":{"line":208,"column":7}},"73":{"start":{"line":204,"column":8},"end":{"line":204,"column":19}},"74":{"start":{"line":205,"column":8},"end":{"line":207,"column":9}},"75":{"start":{"line":206,"column":10},"end":{"line":206,"column":21}},"76":{"start":{"line":210,"column":6},"end":{"line":210,"column":19}},"77":{"start":{"line":211,"column":6},"end":{"line":211,"column":35}},"78":{"start":{"line":214,"column":4},"end":{"line":214,"column":26}},"79":{"start":{"line":218,"column":18},"end":{"line":218,"column":40}},"80":{"start":{"line":219,"column":17},"end":{"line":219,"column":38}},"81":{"start":{"line":221,"column":4},"end":{"line":223,"column":5}},"82":{"start":{"line":222,"column":6},"end":{"line":222,"column":19}},"83":{"start":{"line":225,"column":4},"end":{"line":227,"column":5}},"84":{"start":{"line":226,"column":6},"end":{"line":226,"column":19}},"85":{"start":{"line":229,"column":16},"end":{"line":229,"column":26}},"86":{"start":{"line":230,"column":24},"end":{"line":230,"column":47}},"87":{"start":{"line":231,"column":25},"end":{"line":231,"column":43}},"88":{"start":{"line":233,"column":4},"end":{"line":235,"column":5}},"89":{"start":{"line":234,"column":6},"end":{"line":234,"column":19}},"90":{"start":{"line":237,"column":4},"end":{"line":239,"column":5}},"91":{"start":{"line":238,"column":6},"end":{"line":238,"column":19}},"92":{"start":{"line":241,"column":4},"end":{"line":241,"column":16}},"93":{"start":{"line":245,"column":4},"end":{"line":254,"column":5}},"94":{"start":{"line":247,"column":8},"end":{"line":247,"column":50}},"95":{"start":{"line":249,"column":8},"end":{"line":249,"column":50}},"96":{"start":{"line":251,"column":8},"end":{"line":251,"column":49}},"97":{"start":{"line":253,"column":8},"end":{"line":253,"column":47}},"98":{"start":{"line":43,"column":13},"end":{"line":43,"column":44}},"99":{"start":{"line":43,"column":13},"end":{"line":256,"column":null}}},"fnMap":{"0":{"name":"(anonymous_2)","decl":{"start":{"line":47,"column":2},"end":{"line":47,"column":null}},"loc":{"start":{"line":52,"column":55},"end":{"line":53,"column":6}}},"1":{"name":"(anonymous_3)","decl":{"start":{"line":55,"column":2},"end":{"line":55,"column":7}},"loc":{"start":{"line":56,"column":33},"end":{"line":143,"column":3}}},"2":{"name":"(anonymous_4)","decl":{"start":{"line":145,"column":10},"end":{"line":145,"column":25}},"loc":{"start":{"line":145,"column":55},"end":{"line":186,"column":3}}},"3":{"name":"(anonymous_5)","decl":{"start":{"line":188,"column":10},"end":{"line":188,"column":21}},"loc":{"start":{"line":188,"column":40},"end":{"line":215,"column":3}}},"4":{"name":"(anonymous_6)","decl":{"start":{"line":217,"column":10},"end":{"line":217,"column":23}},"loc":{"start":{"line":217,"column":57},"end":{"line":242,"column":3}}},"5":{"name":"(anonymous_7)","decl":{"start":{"line":244,"column":10},"end":{"line":244,"column":19}},"loc":{"start":{"line":244,"column":51},"end":{"line":255,"column":3}}}},"branchMap":{"0":{"loc":{"start":{"line":59,"column":4},"end":{"line":61,"column":5}},"type":"if","locations":[{"start":{"line":59,"column":4},"end":{"line":61,"column":5}},{"start":{},"end":{}}]},"1":{"loc":{"start":{"line":64,"column":4},"end":{"line":68,"column":5}},"type":"if","locations":[{"start":{"line":64,"column":4},"end":{"line":68,"column":5}},{"start":{},"end":{}}]},"2":{"loc":{"start":{"line":64,"column":8},"end":{"line":64,"column":47}},"type":"binary-expr","locations":[{"start":{"line":64,"column":8},"end":{"line":64,"column":16}},{"start":{"line":64,"column":20},"end":{"line":64,"column":47}}]},"3":{"loc":{"start":{"line":110,"column":4},"end":{"line":130,"column":5}},"type":"if","locations":[{"start":{"line":110,"column":4},"end":{"line":130,"column":5}},{"start":{},"end":{}}]},"4":{"loc":{"start":{"line":157,"column":4},"end":{"line":159,"column":5}},"type":"if","locations":[{"start":{"line":157,"column":4},"end":{"line":159,"column":5}},{"start":{},"end":{}}]},"5":{"loc":{"start":{"line":157,"column":8},"end":{"line":157,"column":32}},"type":"binary-expr","locations":[{"start":{"line":157,"column":8},"end":{"line":157,"column":13}},{"start":{"line":157,"column":17},"end":{"line":157,"column":32}}]},"6":{"loc":{"start":{"line":161,"column":4},"end":{"line":163,"column":5}},"type":"if","locations":[{"start":{"line":161,"column":4},"end":{"line":163,"column":5}},{"start":{},"end":{}}]},"7":{"loc":{"start":{"line":161,"column":8},"end":{"line":161,"column":41}},"type":"binary-expr","locations":[{"start":{"line":161,"column":8},"end":{"line":161,"column":14}},{"start":{"line":161,"column":18},"end":{"line":161,"column":41}}]},"8":{"loc":{"start":{"line":165,"column":4},"end":{"line":167,"column":5}},"type":"if","locations":[{"start":{"line":165,"column":4},"end":{"line":167,"column":5}},{"start":{},"end":{}}]},"9":{"loc":{"start":{"line":165,"column":8},"end":{"line":165,"column":38}},"type":"binary-expr","locations":[{"start":{"line":165,"column":8},"end":{"line":165,"column":16}},{"start":{"line":165,"column":20},"end":{"line":165,"column":38}}]},"10":{"loc":{"start":{"line":169,"column":4},"end":{"line":171,"column":5}},"type":"if","locations":[{"start":{"line":169,"column":4},"end":{"line":171,"column":5}},{"start":{},"end":{}}]},"11":{"loc":{"start":{"line":173,"column":4},"end":{"line":175,"column":5}},"type":"if","locations":[{"start":{"line":173,"column":4},"end":{"line":175,"column":5}},{"start":{},"end":{}}]},"12":{"loc":{"start":{"line":177,"column":4},"end":{"line":179,"column":5}},"type":"if","locations":[{"start":{"line":177,"column":4},"end":{"line":179,"column":5}},{"start":{},"end":{}}]},"13":{"loc":{"start":{"line":177,"column":8},"end":{"line":177,"column":70}},"type":"binary-expr","locations":[{"start":{"line":177,"column":8},"end":{"line":177,"column":12}},{"start":{"line":177,"column":16},"end":{"line":177,"column":30}},{"start":{"line":177,"column":34},"end":{"line":177,"column":48}},{"start":{"line":177,"column":52},"end":{"line":177,"column":70}}]},"14":{"loc":{"start":{"line":181,"column":4},"end":{"line":183,"column":5}},"type":"if","locations":[{"start":{"line":181,"column":4},"end":{"line":183,"column":5}},{"start":{},"end":{}}]},"15":{"loc":{"start":{"line":181,"column":8},"end":{"line":181,"column":36}},"type":"binary-expr","locations":[{"start":{"line":181,"column":8},"end":{"line":181,"column":15}},{"start":{"line":181,"column":19},"end":{"line":181,"column":36}}]},"16":{"loc":{"start":{"line":189,"column":4},"end":{"line":191,"column":5}},"type":"if","locations":[{"start":{"line":189,"column":4},"end":{"line":191,"column":5}},{"start":{},"end":{}}]},"17":{"loc":{"start":{"line":199,"column":6},"end":{"line":201,"column":7}},"type":"if","locations":[{"start":{"line":199,"column":6},"end":{"line":201,"column":7}},{"start":{},"end":{}}]},"18":{"loc":{"start":{"line":203,"column":6},"end":{"line":208,"column":7}},"type":"if","locations":[{"start":{"line":203,"column":6},"end":{"line":208,"column":7}},{"start":{},"end":{}}]},"19":{"loc":{"start":{"line":205,"column":8},"end":{"line":207,"column":9}},"type":"if","locations":[{"start":{"line":205,"column":8},"end":{"line":207,"column":9}},{"start":{},"end":{}}]},"20":{"loc":{"start":{"line":221,"column":4},"end":{"line":223,"column":5}},"type":"if","locations":[{"start":{"line":221,"column":4},"end":{"line":223,"column":5}},{"start":{},"end":{}}]},"21":{"loc":{"start":{"line":221,"column":8},"end":{"line":221,"column":49}},"type":"binary-expr","locations":[{"start":{"line":221,"column":8},"end":{"line":221,"column":27}},{"start":{"line":221,"column":31},"end":{"line":221,"column":49}}]},"22":{"loc":{"start":{"line":225,"column":4},"end":{"line":227,"column":5}},"type":"if","locations":[{"start":{"line":225,"column":4},"end":{"line":227,"column":5}},{"start":{},"end":{}}]},"23":{"loc":{"start":{"line":225,"column":8},"end":{"line":225,"column":31}},"type":"binary-expr","locations":[{"start":{"line":225,"column":8},"end":{"line":225,"column":17}},{"start":{"line":225,"column":21},"end":{"line":225,"column":31}}]},"24":{"loc":{"start":{"line":233,"column":4},"end":{"line":235,"column":5}},"type":"if","locations":[{"start":{"line":233,"column":4},"end":{"line":235,"column":5}},{"start":{},"end":{}}]},"25":{"loc":{"start":{"line":237,"column":4},"end":{"line":239,"column":5}},"type":"if","locations":[{"start":{"line":237,"column":4},"end":{"line":239,"column":5}},{"start":{},"end":{}}]},"26":{"loc":{"start":{"line":237,"column":8},"end":{"line":237,"column":52}},"type":"binary-expr","locations":[{"start":{"line":237,"column":8},"end":{"line":237,"column":28}},{"start":{"line":237,"column":32},"end":{"line":237,"column":52}}]},"27":{"loc":{"start":{"line":245,"column":4},"end":{"line":254,"column":5}},"type":"switch","locations":[{"start":{"line":246,"column":6},"end":{"line":247,"column":50}},{"start":{"line":248,"column":6},"end":{"line":249,"column":50}},{"start":{"line":250,"column":6},"end":{"line":251,"column":49}},{"start":{"line":252,"column":6},"end":{"line":253,"column":47}}]},"28":{"loc":{"start":{"line":48,"column":40},"end":{"line":48,"column":null}},"type":"cond-expr","locations":[{"start":{"line":48,"column":57},"end":{"line":48,"column":null}},{"start":{"line":48,"column":57},"end":{"line":48,"column":null}}]},"29":{"loc":{"start":{"line":48,"column":40},"end":{"line":48,"column":57}},"type":"binary-expr","locations":[{"start":{"line":48,"column":40},"end":{"line":48,"column":null}},{"start":{"line":48,"column":40},"end":{"line":48,"column":57}}]},"30":{"loc":{"start":{"line":48,"column":57},"end":{"line":49,"column":null}},"type":"cond-expr","locations":[{"start":{"line":49,"column":59},"end":{"line":49,"column":null}},{"start":{"line":49,"column":59},"end":{"line":49,"column":null}}]},"31":{"loc":{"start":{"line":48,"column":57},"end":{"line":49,"column":59}},"type":"binary-expr","locations":[{"start":{"line":48,"column":57},"end":{"line":49,"column":null}},{"start":{"line":49,"column":41},"end":{"line":49,"column":59}}]},"32":{"loc":{"start":{"line":49,"column":59},"end":{"line":50,"column":null}},"type":"cond-expr","locations":[{"start":{"line":50,"column":59},"end":{"line":50,"column":null}},{"start":{"line":50,"column":59},"end":{"line":50,"column":null}}]},"33":{"loc":{"start":{"line":49,"column":59},"end":{"line":50,"column":59}},"type":"binary-expr","locations":[{"start":{"line":49,"column":59},"end":{"line":50,"column":null}},{"start":{"line":50,"column":41},"end":{"line":50,"column":59}}]},"34":{"loc":{"start":{"line":50,"column":59},"end":{"line":51,"column":null}},"type":"cond-expr","locations":[{"start":{"line":51,"column":65},"end":{"line":51,"column":null}},{"start":{"line":51,"column":65},"end":{"line":51,"column":null}}]},"35":{"loc":{"start":{"line":50,"column":59},"end":{"line":51,"column":65}},"type":"binary-expr","locations":[{"start":{"line":50,"column":59},"end":{"line":51,"column":null}},{"start":{"line":51,"column":44},"end":{"line":51,"column":65}}]},"36":{"loc":{"start":{"line":51,"column":65},"end":{"line":52,"column":null}},"type":"cond-expr","locations":[{"start":{"line":52,"column":55},"end":{"line":52,"column":null}},{"start":{"line":52,"column":55},"end":{"line":52,"column":null}}]},"37":{"loc":{"start":{"line":51,"column":65},"end":{"line":52,"column":55}},"type":"binary-expr","locations":[{"start":{"line":51,"column":65},"end":{"line":52,"column":null}},{"start":{"line":52,"column":37},"end":{"line":52,"column":55}}]}},"s":{"0":2,"1":2,"2":2,"3":2,"4":2,"5":2,"6":2,"7":2,"8":2,"9":3,"10":3,"11":3,"12":3,"13":3,"14":3,"15":3,"16":3,"17":3,"18":1,"19":2,"20":2,"21":1,"22":1,"23":1,"24":1,"25":1,"26":1,"27":1,"28":1,"29":1,"30":1,"31":1,"32":1,"33":1,"34":1,"35":1,"36":1,"37":1,"38":1,"39":3,"40":3,"41":3,"42":3,"43":3,"44":3,"45":3,"46":3,"47":3,"48":3,"49":1,"50":2,"51":0,"52":2,"53":0,"54":2,"55":0,"56":2,"57":0,"58":2,"59":0,"60":2,"61":0,"62":2,"63":2,"64":0,"65":2,"66":2,"67":2,"68":2,"69":32,"70":32,"71":0,"72":32,"73":16,"74":16,"75":0,"76":32,"77":32,"78":2,"79":2,"80":2,"81":2,"82":0,"83":2,"84":0,"85":2,"86":2,"87":2,"88":2,"89":0,"90":2,"91":0,"92":2,"93":1,"94":1,"95":0,"96":0,"97":0,"98":2,"99":2},"f":{"0":3,"1":3,"2":3,"3":2,"4":2,"5":1},"b":{"0":[1,2],"1":[1,1],"2":[2,2],"3":[1,0],"4":[1,2],"5":[3,3],"6":[0,2],"7":[2,2],"8":[0,2],"9":[2,2],"10":[0,2],"11":[0,2],"12":[0,2],"13":[2,2,2,2],"14":[0,2],"15":[2,2],"16":[0,2],"17":[0,32],"18":[16,16],"19":[0,16],"20":[0,2],"21":[2,2],"22":[0,2],"23":[2,2],"24":[0,2],"25":[0,2],"26":[2,0],"27":[1,0,0,0],"28":[2,0],"29":[2,2],"30":[2,0],"31":[2,2],"32":[2,0],"33":[2,2],"34":[2,0],"35":[2,2],"36":[2,0],"37":[2,2]}}
,"C:\\Users\\migue\\Documents\\Prueba Tecnica Wompi\\backend\\src\\modules\\transactions\\domain\\transaction-status.enum.ts": {"path":"C:\\Users\\migue\\Documents\\Prueba Tecnica Wompi\\backend\\src\\modules\\transactions\\domain\\transaction-status.enum.ts","statementMap":{"0":{"start":{"line":1,"column":0},"end":{"line":1,"column":null}},"1":{"start":{"line":2,"column":2},"end":{"line":2,"column":null}},"2":{"start":{"line":3,"column":2},"end":{"line":3,"column":null}},"3":{"start":{"line":4,"column":2},"end":{"line":4,"column":null}},"4":{"start":{"line":5,"column":2},"end":{"line":5,"column":null}}},"fnMap":{"0":{"name":"(anonymous_0)","decl":{"start":{"line":1,"column":0},"end":{"line":1,"column":12}},"loc":{"start":{"line":1,"column":37},"end":{"line":6,"column":1}}}},"branchMap":{"0":{"loc":{"start":{"line":1,"column":12},"end":{"line":1,"column":null}},"type":"binary-expr","locations":[{"start":{"line":1,"column":12},"end":{"line":1,"column":37}},{"start":{"line":1,"column":37},"end":{"line":1,"column":null}}]}},"s":{"0":3,"1":3,"2":3,"3":3,"4":3},"f":{"0":3},"b":{"0":[3,3]}}
,"C:\\Users\\migue\\Documents\\Prueba Tecnica Wompi\\backend\\src\\modules\\transactions\\domain\\transaction.repository.ts": {"path":"C:\\Users\\migue\\Documents\\Prueba Tecnica Wompi\\backend\\src\\modules\\transactions\\domain\\transaction.repository.ts","statementMap":{"0":{"start":{"line":30,"column":0},"end":{"line":30,"column":22}}},"fnMap":{},"branchMap":{},"s":{"0":2},"f":{},"b":{}}
,"C:\\Users\\migue\\Documents\\Prueba Tecnica Wompi\\backend\\src\\modules\\transactions\\infrastructure\\controllers\\transactions.controller.ts": {"path":"C:\\Users\\migue\\Documents\\Prueba Tecnica Wompi\\backend\\src\\modules\\transactions\\infrastructure\\controllers\\transactions.controller.ts","statementMap":{"0":{"start":{"line":1,"column":0},"end":{"line":1,"column":56}},"1":{"start":{"line":2,"column":0},"end":{"line":2,"column":113}},"2":{"start":{"line":24,"column":7},"end":{"line":49,"column":null}},"3":{"start":{"line":26,"column":21},"end":{"line":26,"column":54}},"4":{"start":{"line":31,"column":19},"end":{"line":36,"column":6}},"5":{"start":{"line":38,"column":4},"end":{"line":45,"column":5}},"6":{"start":{"line":39,"column":20},"end":{"line":39,"column":41}},"7":{"start":{"line":41,"column":6},"end":{"line":44,"column":8}},"8":{"start":{"line":47,"column":4},"end":{"line":47,"column":24}},"9":{"start":{"line":24,"column":13},"end":{"line":24,"column":35}},"10":{"start":{"line":30,"column":8},"end":{"line":48,"column":null}},"11":{"start":{"line":24,"column":13},"end":{"line":49,"column":null}}},"fnMap":{"0":{"name":"(anonymous_4)","decl":{"start":{"line":25,"column":2},"end":{"line":25,"column":null}},"loc":{"start":{"line":26,"column":85},"end":{"line":27,"column":6}}},"1":{"name":"(anonymous_5)","decl":{"start":{"line":30,"column":8},"end":{"line":30,"column":14}},"loc":{"start":{"line":30,"column":49},"end":{"line":48,"column":3}}}},"branchMap":{"0":{"loc":{"start":{"line":38,"column":4},"end":{"line":45,"column":5}},"type":"if","locations":[{"start":{"line":38,"column":4},"end":{"line":45,"column":5}},{"start":{},"end":{}}]},"1":{"loc":{"start":{"line":26,"column":54},"end":{"line":26,"column":null}},"type":"cond-expr","locations":[{"start":{"line":26,"column":85},"end":{"line":26,"column":null}},{"start":{"line":26,"column":85},"end":{"line":26,"column":null}}]},"2":{"loc":{"start":{"line":26,"column":54},"end":{"line":26,"column":85}},"type":"binary-expr","locations":[{"start":{"line":26,"column":54},"end":{"line":26,"column":null}},{"start":{"line":26,"column":54},"end":{"line":26,"column":85}}]}},"s":{"0":1,"1":1,"2":1,"3":2,"4":2,"5":2,"6":1,"7":1,"8":1,"9":1,"10":1,"11":1},"f":{"0":2,"1":2},"b":{"0":[1,1],"1":[1,0],"2":[1,1]}}
,"C:\\Users\\migue\\Documents\\Prueba Tecnica Wompi\\backend\\src\\modules\\transactions\\infrastructure\\persistence\\prisma-transaction.repository.ts": {"path":"C:\\Users\\migue\\Documents\\Prueba Tecnica Wompi\\backend\\src\\modules\\transactions\\infrastructure\\persistence\\prisma-transaction.repository.ts","statementMap":{"0":{"start":{"line":1,"column":0},"end":{"line":1,"column":44}},"1":{"start":{"line":2,"column":0},"end":{"line":2,"column":76}},"2":{"start":{"line":12,"column":7},"end":{"line":58,"column":null}},"3":{"start":{"line":13,"column":31},"end":{"line":13,"column":39}},"4":{"start":{"line":16,"column":15},"end":{"line":26,"column":6}},"5":{"start":{"line":28,"column":4},"end":{"line":28,"column":24}},"6":{"start":{"line":34,"column":15},"end":{"line":40,"column":6}},"7":{"start":{"line":42,"column":4},"end":{"line":42,"column":24}},"8":{"start":{"line":46,"column":4},"end":{"line":56,"column":6}},"9":{"start":{"line":12,"column":13},"end":{"line":12,"column":40}},"10":{"start":{"line":12,"column":13},"end":{"line":58,"column":null}}},"fnMap":{"0":{"name":"(anonymous_2)","decl":{"start":{"line":13,"column":2},"end":{"line":13,"column":31}},"loc":{"start":{"line":13,"column":52},"end":{"line":13,"column":56}}},"1":{"name":"(anonymous_3)","decl":{"start":{"line":15,"column":2},"end":{"line":15,"column":7}},"loc":{"start":{"line":15,"column":44},"end":{"line":29,"column":3}}},"2":{"name":"(anonymous_4)","decl":{"start":{"line":31,"column":2},"end":{"line":31,"column":7}},"loc":{"start":{"line":32,"column":39},"end":{"line":43,"column":3}}},"3":{"name":"(anonymous_5)","decl":{"start":{"line":45,"column":10},"end":{"line":45,"column":13}},"loc":{"start":{"line":45,"column":21},"end":{"line":57,"column":3}}}},"branchMap":{"0":{"loc":{"start":{"line":38,"column":24},"end":{"line":38,"column":52}},"type":"binary-expr","locations":[{"start":{"line":38,"column":24},"end":{"line":38,"column":44}},{"start":{"line":38,"column":48},"end":{"line":38,"column":52}}]},"1":{"loc":{"start":{"line":51,"column":22},"end":{"line":51,"column":52}},"type":"binary-expr","locations":[{"start":{"line":51,"column":22},"end":{"line":51,"column":39}},{"start":{"line":51,"column":43},"end":{"line":51,"column":52}}]},"2":{"loc":{"start":{"line":13,"column":39},"end":{"line":13,"column":55}},"type":"cond-expr","locations":[{"start":{"line":13,"column":52},"end":{"line":13,"column":55}},{"start":{"line":13,"column":52},"end":{"line":13,"column":55}}]},"3":{"loc":{"start":{"line":13,"column":39},"end":{"line":13,"column":52}},"type":"binary-expr","locations":[{"start":{"line":13,"column":39},"end":{"line":13,"column":55}},{"start":{"line":13,"column":39},"end":{"line":13,"column":52}}]}},"s":{"0":1,"1":1,"2":1,"3":2,"4":1,"5":1,"6":1,"7":1,"8":2,"9":1,"10":1},"f":{"0":2,"1":1,"2":1,"3":2},"b":{"0":[1,1],"1":[2,1],"2":[1,0],"3":[1,1]}}
,"C:\\Users\\migue\\Documents\\Prueba Tecnica Wompi\\backend\\src\\modules\\wompi\\domain\\payment-gateway.port.ts": {"path":"C:\\Users\\migue\\Documents\\Prueba Tecnica Wompi\\backend\\src\\modules\\wompi\\domain\\payment-gateway.port.ts","statementMap":{"0":{"start":{"line":22,"column":0},"end":{"line":22,"column":22}}},"fnMap":{},"branchMap":{},"s":{"0":2},"f":{},"b":{}}
,"C:\\Users\\migue\\Documents\\Prueba Tecnica Wompi\\backend\\src\\modules\\wompi\\infrastructure\\wompi-http.adapter.ts": {"path":"C:\\Users\\migue\\Documents\\Prueba Tecnica Wompi\\backend\\src\\modules\\wompi\\infrastructure\\wompi-http.adapter.ts","statementMap":{"0":{"start":{"line":1,"column":0},"end":{"line":1,"column":52}},"1":{"start":{"line":2,"column":0},"end":{"line":2,"column":26}},"2":{"start":{"line":3,"column":0},"end":{"line":3,"column":33}},"3":{"start":{"line":11,"column":2},"end":{"line":11,"column":73}},"4":{"start":{"line":14,"column":29},"end":{"line":129,"column":null}},"5":{"start":{"line":15,"column":28},"end":{"line":15,"column":61}},"6":{"start":{"line":18,"column":22},"end":{"line":18,"column":50}},"7":{"start":{"line":19,"column":23},"end":{"line":19,"column":52}},"8":{"start":{"line":20,"column":25},"end":{"line":20,"column":56}},"9":{"start":{"line":22,"column":4},"end":{"line":26,"column":5}},"10":{"start":{"line":23,"column":6},"end":{"line":25,"column":8}},"11":{"start":{"line":28,"column":4},"end":{"line":127,"column":5}},"12":{"start":{"line":30,"column":27},"end":{"line":31,"column":null}},"13":{"start":{"line":35,"column":8},"end":{"line":35,"column":77}},"14":{"start":{"line":37,"column":6},"end":{"line":40,"column":7}},"15":{"start":{"line":38,"column":8},"end":{"line":38,"column":83}},"16":{"start":{"line":39,"column":8},"end":{"line":39,"column":55}},"17":{"start":{"line":43,"column":30},"end":{"line":43,"column":68}},"18":{"start":{"line":45,"column":24},"end":{"line":60,"column":null}},"19":{"start":{"line":63,"column":34},"end":{"line":63,"column":64}},"20":{"start":{"line":65,"column":6},"end":{"line":68,"column":7}},"21":{"start":{"line":66,"column":8},"end":{"line":66,"column":68}},"22":{"start":{"line":67,"column":8},"end":{"line":67,"column":55}},"23":{"start":{"line":71,"column":24},"end":{"line":71,"column":49}},"24":{"start":{"line":73,"column":31},"end":{"line":73,"column":103}},"25":{"start":{"line":74,"column":24},"end":{"line":77,"column":22}},"26":{"start":{"line":79,"column":21},"end":{"line":99,"column":null}},"27":{"start":{"line":102,"column":34},"end":{"line":102,"column":70}},"28":{"start":{"line":103,"column":30},"end":{"line":103,"column":57}},"29":{"start":{"line":106,"column":8},"end":{"line":112,"column":19}},"30":{"start":{"line":114,"column":6},"end":{"line":117,"column":8}},"31":{"start":{"line":119,"column":6},"end":{"line":122,"column":8}},"32":{"start":{"line":123,"column":6},"end":{"line":126,"column":8}},"33":{"start":{"line":14,"column":13},"end":{"line":14,"column":29}},"34":{"start":{"line":14,"column":13},"end":{"line":129,"column":null}}},"fnMap":{"0":{"name":"(anonymous_11)","decl":{"start":{"line":17,"column":2},"end":{"line":17,"column":7}},"loc":{"start":{"line":17,"column":42},"end":{"line":128,"column":3}}}},"branchMap":{"0":{"loc":{"start":{"line":11,"column":2},"end":{"line":11,"column":73}},"type":"binary-expr","locations":[{"start":{"line":11,"column":2},"end":{"line":11,"column":28}},{"start":{"line":11,"column":32},"end":{"line":11,"column":73}}]},"1":{"loc":{"start":{"line":22,"column":4},"end":{"line":26,"column":5}},"type":"if","locations":[{"start":{"line":22,"column":4},"end":{"line":26,"column":5}},{"start":{},"end":{}}]},"2":{"loc":{"start":{"line":22,"column":8},"end":{"line":22,"column":50}},"type":"binary-expr","locations":[{"start":{"line":22,"column":8},"end":{"line":22,"column":18}},{"start":{"line":22,"column":22},"end":{"line":22,"column":33}},{"start":{"line":22,"column":37},"end":{"line":22,"column":50}}]},"3":{"loc":{"start":{"line":35,"column":8},"end":{"line":35,"column":77}},"type":"binary-expr","locations":[{"start":{"line":35,"column":8},"end":{"line":35,"column":71}},{"start":{"line":35,"column":75},"end":{"line":35,"column":77}}]},"4":{"loc":{"start":{"line":37,"column":6},"end":{"line":40,"column":7}},"type":"if","locations":[{"start":{"line":37,"column":6},"end":{"line":40,"column":7}},{"start":{},"end":{}}]},"5":{"loc":{"start":{"line":63,"column":34},"end":{"line":63,"column":64}},"type":"binary-expr","locations":[{"start":{"line":63,"column":34},"end":{"line":63,"column":58}},{"start":{"line":63,"column":62},"end":{"line":63,"column":64}}]},"6":{"loc":{"start":{"line":65,"column":6},"end":{"line":68,"column":7}},"type":"if","locations":[{"start":{"line":65,"column":6},"end":{"line":68,"column":7}},{"start":{},"end":{}}]},"7":{"loc":{"start":{"line":102,"column":34},"end":{"line":102,"column":70}},"type":"binary-expr","locations":[{"start":{"line":102,"column":34},"end":{"line":102,"column":59}},{"start":{"line":102,"column":63},"end":{"line":102,"column":70}}]},"8":{"loc":{"start":{"line":103,"column":30},"end":{"line":103,"column":57}},"type":"binary-expr","locations":[{"start":{"line":103,"column":30},"end":{"line":103,"column":51}},{"start":{"line":103,"column":55},"end":{"line":103,"column":57}}]},"9":{"loc":{"start":{"line":106,"column":8},"end":{"line":112,"column":19}},"type":"cond-expr","locations":[{"start":{"line":107,"column":12},"end":{"line":107,"column":22}},{"start":{"line":108,"column":12},"end":{"line":112,"column":19}}]},"10":{"loc":{"start":{"line":108,"column":12},"end":{"line":112,"column":19}},"type":"cond-expr","locations":[{"start":{"line":109,"column":12},"end":{"line":109,"column":22}},{"start":{"line":110,"column":12},"end":{"line":112,"column":19}}]},"11":{"loc":{"start":{"line":110,"column":12},"end":{"line":112,"column":19}},"type":"cond-expr","locations":[{"start":{"line":111,"column":12},"end":{"line":111,"column":21}},{"start":{"line":112,"column":12},"end":{"line":112,"column":19}}]},"12":{"loc":{"start":{"line":121,"column":8},"end":{"line":121,"column":49}},"type":"binary-expr","locations":[{"start":{"line":121,"column":8},"end":{"line":121,"column":29}},{"start":{"line":121,"column":34},"end":{"line":121,"column":49}}]}},"s":{"0":1,"1":1,"2":1,"3":1,"4":1,"5":3,"6":3,"7":3,"8":3,"9":3,"10":0,"11":3,"12":3,"13":2,"14":2,"15":1,"16":1,"17":1,"18":1,"19":1,"20":1,"21":0,"22":0,"23":1,"24":1,"25":1,"26":1,"27":1,"28":1,"29":1,"30":1,"31":1,"32":1,"33":1,"34":1},"f":{"0":3},"b":{"0":[1,1],"1":[0,3],"2":[3,3,3],"3":[2,1],"4":[1,1],"5":[1,0],"6":[0,1],"7":[1,0],"8":[1,0],"9":[1,0],"10":[0,0],"11":[0,0],"12":[1,1]}}
,"C:\\Users\\migue\\Documents\\Prueba Tecnica Wompi\\backend\\src\\shared\\domain\\errors\\result.ts": {"path":"C:\\Users\\migue\\Documents\\Prueba Tecnica Wompi\\backend\\src\\shared\\domain\\errors\\result.ts","statementMap":{"0":{"start":{"line":4,"column":24},"end":{"line":4,"column":28}},"1":{"start":{"line":5,"column":26},"end":{"line":5,"column":31}},"2":{"start":{"line":7,"column":30},"end":{"line":7,"column":38}},"3":{"start":{"line":3,"column":0},"end":{"line":3,"column":13}},"4":{"start":{"line":11,"column":25},"end":{"line":11,"column":30}},"5":{"start":{"line":12,"column":25},"end":{"line":12,"column":29}},"6":{"start":{"line":14,"column":30},"end":{"line":14,"column":38}},"7":{"start":{"line":10,"column":0},"end":{"line":10,"column":13}},"8":{"start":{"line":17,"column":13},"end":{"line":24,"column":2}},"9":{"start":{"line":19,"column":4},"end":{"line":19,"column":31}},"10":{"start":{"line":22,"column":4},"end":{"line":22,"column":32}}},"fnMap":{"0":{"name":"(anonymous_0)","decl":{"start":{"line":7,"column":2},"end":{"line":7,"column":30}},"loc":{"start":{"line":7,"column":38},"end":{"line":7,"column":42}}},"1":{"name":"(anonymous_1)","decl":{"start":{"line":14,"column":2},"end":{"line":14,"column":30}},"loc":{"start":{"line":14,"column":38},"end":{"line":14,"column":42}}},"2":{"name":"(anonymous_2)","decl":{"start":{"line":18,"column":2},"end":{"line":18,"column":4}},"loc":{"start":{"line":18,"column":27},"end":{"line":20,"column":3}}},"3":{"name":"(anonymous_3)","decl":{"start":{"line":21,"column":2},"end":{"line":21,"column":5}},"loc":{"start":{"line":21,"column":28},"end":{"line":23,"column":3}}}},"branchMap":{},"s":{"0":4,"1":4,"2":4,"3":4,"4":5,"5":5,"6":5,"7":4,"8":4,"9":4,"10":5},"f":{"0":4,"1":5,"2":4,"3":5},"b":{}}
}
