TN:
SF:src\modules\customers\domain\customer.repository.ts
FNF:0
FNH:0
DA:14,2
LF:1
LH:1
BRF:0
BRH:0
end_of_record
TN:
SF:src\modules\customers\infrastructure\persistence\prisma-customer.repository.ts
FN:11,(anonymous_2)
FN:13,(anonymous_3)
FNF:2
FNH:2
FNDA:1,(anonymous_2)
FNDA:1,(anonymous_3)
DA:1,1
DA:2,1
DA:10,1
DA:11,1
DA:14,1
DA:27,1
LF:6
LH:6
BRDA:31,0,0,1
BRDA:31,0,1,1
BRDA:11,1,0,1
BRDA:11,1,1,0
BRDA:11,2,0,1
BRDA:11,2,1,1
BRF:6
BRH:5
end_of_record
TN:
SF:src\modules\delivery\domain\delivery.repository.ts
FNF:0
FNH:0
DA:8,2
LF:1
LH:1
BRF:0
BRH:0
end_of_record
TN:
SF:src\modules\delivery\infrastructure\persistence\prisma-delivery.repository.ts
FN:10,(anonymous_2)
FN:12,(anonymous_3)
FNF:2
FNH:2
FNDA:1,(anonymous_2)
FNDA:1,(anonymous_3)
DA:1,1
DA:2,1
DA:9,1
DA:10,1
DA:13,1
LF:5
LH:5
BRDA:10,0,0,1
BRDA:10,0,1,0
BRDA:10,1,0,1
BRDA:10,1,1,1
BRF:4
BRH:3
end_of_record
TN:
SF:src\modules\products\application\use-cases\get-product-by-id.usecase.ts
FN:8,(anonymous_2)
FN:10,(anonymous_3)
FNF:2
FNH:2
FNDA:2,(anonymous_2)
FNDA:2,(anonymous_3)
DA:1,2
DA:2,2
DA:4,2
DA:7,2
DA:8,2
DA:11,2
DA:12,2
DA:13,1
DA:17,1
LF:9
LH:9
BRDA:12,0,0,1
BRDA:12,0,1,1
BRDA:8,1,0,2
BRDA:8,1,1,0
BRDA:8,2,0,2
BRDA:8,2,1,2
BRF:6
BRH:5
end_of_record
TN:
SF:src\modules\products\domain\product.repository.ts
FNF:0
FNH:0
DA:4,4
LF:1
LH:1
BRF:0
BRH:0
end_of_record
TN:
SF:src\modules\products\infrastructure\controllers\products.controller.ts
FN:6,(anonymous_4)
FN:9,(anonymous_5)
FNF:2
FNH:2
FNDA:2,(anonymous_4)
FNDA:2,(anonymous_5)
DA:1,1
DA:2,1
DA:5,1
DA:6,2
DA:9,1
DA:10,2
DA:12,2
DA:13,1
DA:16,1
LF:9
LH:9
BRDA:12,0,0,1
BRDA:12,0,1,1
BRDA:6,1,0,1
BRDA:6,1,1,0
BRDA:6,2,0,1
BRDA:6,2,1,1
BRF:6
BRH:5
end_of_record
TN:
SF:src\modules\products\infrastructure\persistence\prisma-product.repository.ts
FN:8,(anonymous_2)
FN:10,(anonymous_3)
FNF:2
FNH:2
FNDA:2,(anonymous_2)
FNDA:2,(anonymous_3)
DA:1,1
DA:2,1
DA:7,1
DA:8,2
DA:11,2
DA:16,2
DA:18,1
LF:7
LH:7
BRDA:16,0,0,1
BRDA:16,0,1,1
BRDA:21,1,0,1
BRDA:21,1,1,0
BRDA:24,2,0,1
BRDA:24,2,1,0
BRDA:24,3,0,1
BRDA:24,3,1,0
BRDA:8,4,0,1
BRDA:8,4,1,0
BRDA:8,5,0,1
BRDA:8,5,1,1
BRF:12
BRH:8
end_of_record
TN:
SF:src\modules\transactions\application\use-cases\create-payment-transaction.usecase.ts
FN:47,(anonymous_2)
FN:55,(anonymous_3)
FN:145,(anonymous_4)
FN:188,(anonymous_5)
FN:217,(anonymous_6)
FN:244,(anonymous_7)
FNF:6
FNH:6
FNDA:3,(anonymous_2)
FNDA:3,(anonymous_3)
FNDA:3,(anonymous_4)
FNDA:2,(anonymous_5)
FNDA:2,(anonymous_6)
FNDA:1,(anonymous_7)
DA:1,2
DA:2,2
DA:3,2
DA:4,2
DA:8,2
DA:9,2
DA:13,2
DA:14,2
DA:43,2
DA:44,3
DA:45,3
DA:48,3
DA:49,3
DA:50,3
DA:51,3
DA:52,3
DA:58,3
DA:59,3
DA:60,1
DA:63,2
DA:64,2
DA:65,1
DA:70,1
DA:74,1
DA:75,1
DA:76,1
DA:77,1
DA:79,1
DA:89,1
DA:100,1
DA:104,1
DA:110,1
DA:116,1
DA:117,1
DA:118,1
DA:122,1
DA:124,1
DA:132,1
DA:142,1
DA:146,3
DA:147,3
DA:148,3
DA:149,3
DA:150,3
DA:151,3
DA:152,3
DA:153,3
DA:155,3
DA:157,3
DA:158,1
DA:161,2
DA:162,0
DA:165,2
DA:166,0
DA:169,2
DA:170,0
DA:173,2
DA:174,0
DA:177,2
DA:178,0
DA:181,2
DA:182,0
DA:185,2
DA:189,2
DA:190,0
DA:193,2
DA:194,2
DA:196,2
DA:197,32
DA:199,32
DA:200,0
DA:203,32
DA:204,16
DA:205,16
DA:206,0
DA:210,32
DA:211,32
DA:214,2
DA:218,2
DA:219,2
DA:221,2
DA:222,0
DA:225,2
DA:226,0
DA:229,2
DA:230,2
DA:231,2
DA:233,2
DA:234,0
DA:237,2
DA:238,0
DA:241,2
DA:245,1
DA:247,1
DA:249,0
DA:251,0
DA:253,0
LF:97
LH:81
BRDA:59,0,0,1
BRDA:59,0,1,2
BRDA:64,1,0,1
BRDA:64,1,1,1
BRDA:64,2,0,2
BRDA:64,2,1,2
BRDA:110,3,0,1
BRDA:110,3,1,0
BRDA:157,4,0,1
BRDA:157,4,1,2
BRDA:157,5,0,3
BRDA:157,5,1,3
BRDA:161,6,0,0
BRDA:161,6,1,2
BRDA:161,7,0,2
BRDA:161,7,1,2
BRDA:165,8,0,0
BRDA:165,8,1,2
BRDA:165,9,0,2
BRDA:165,9,1,2
BRDA:169,10,0,0
BRDA:169,10,1,2
BRDA:173,11,0,0
BRDA:173,11,1,2
BRDA:177,12,0,0
BRDA:177,12,1,2
BRDA:177,13,0,2
BRDA:177,13,1,2
BRDA:177,13,2,2
BRDA:177,13,3,2
BRDA:181,14,0,0
BRDA:181,14,1,2
BRDA:181,15,0,2
BRDA:181,15,1,2
BRDA:189,16,0,0
BRDA:189,16,1,2
BRDA:199,17,0,0
BRDA:199,17,1,32
BRDA:203,18,0,16
BRDA:203,18,1,16
BRDA:205,19,0,0
BRDA:205,19,1,16
BRDA:221,20,0,0
BRDA:221,20,1,2
BRDA:221,21,0,2
BRDA:221,21,1,2
BRDA:225,22,0,0
BRDA:225,22,1,2
BRDA:225,23,0,2
BRDA:225,23,1,2
BRDA:233,24,0,0
BRDA:233,24,1,2
BRDA:237,25,0,0
BRDA:237,25,1,2
BRDA:237,26,0,2
BRDA:237,26,1,0
BRDA:245,27,0,1
BRDA:245,27,1,0
BRDA:245,27,2,0
BRDA:245,27,3,0
BRDA:48,28,0,2
BRDA:48,28,1,0
BRDA:48,29,0,2
BRDA:48,29,1,2
BRDA:48,30,0,2
BRDA:48,30,1,0
BRDA:48,31,0,2
BRDA:48,31,1,2
BRDA:49,32,0,2
BRDA:49,32,1,0
BRDA:49,33,0,2
BRDA:49,33,1,2
BRDA:50,34,0,2
BRDA:50,34,1,0
BRDA:50,35,0,2
BRDA:50,35,1,2
BRDA:51,36,0,2
BRDA:51,36,1,0
BRDA:51,37,0,2
BRDA:51,37,1,2
BRF:80
BRH:57
end_of_record
TN:
SF:src\modules\transactions\domain\transaction-status.enum.ts
FN:1,(anonymous_0)
FNF:1
FNH:1
FNDA:3,(anonymous_0)
DA:1,3
DA:2,3
DA:3,3
DA:4,3
DA:5,3
LF:5
LH:5
BRDA:1,0,0,3
BRDA:1,0,1,3
BRF:2
BRH:2
end_of_record
TN:
SF:src\modules\transactions\domain\transaction.repository.ts
FNF:0
FNH:0
DA:30,2
LF:1
LH:1
BRF:0
BRH:0
end_of_record
TN:
SF:src\modules\transactions\infrastructure\controllers\transactions.controller.ts
FN:25,(anonymous_4)
FN:30,(anonymous_5)
FNF:2
FNH:2
FNDA:2,(anonymous_4)
FNDA:2,(anonymous_5)
DA:1,1
DA:2,1
DA:24,1
DA:26,2
DA:30,1
DA:31,2
DA:38,2
DA:39,1
DA:41,1
DA:47,1
LF:10
LH:10
BRDA:38,0,0,1
BRDA:38,0,1,1
BRDA:26,1,0,1
BRDA:26,1,1,0
BRDA:26,2,0,1
BRDA:26,2,1,1
BRF:6
BRH:5
end_of_record
TN:
SF:src\modules\transactions\infrastructure\persistence\prisma-transaction.repository.ts
FN:13,(anonymous_2)
FN:15,(anonymous_3)
FN:31,(anonymous_4)
FN:45,(anonymous_5)
FNF:4
FNH:4
FNDA:2,(anonymous_2)
FNDA:1,(anonymous_3)
FNDA:1,(anonymous_4)
FNDA:2,(anonymous_5)
DA:1,1
DA:2,1
DA:12,1
DA:13,2
DA:16,1
DA:28,1
DA:34,1
DA:42,1
DA:46,2
LF:9
LH:9
BRDA:38,0,0,1
BRDA:38,0,1,1
BRDA:51,1,0,2
BRDA:51,1,1,1
BRDA:13,2,0,1
BRDA:13,2,1,0
BRDA:13,3,0,1
BRDA:13,3,1,1
BRF:8
BRH:7
end_of_record
TN:
SF:src\modules\wompi\domain\payment-gateway.port.ts
FNF:0
FNH:0
DA:22,2
LF:1
LH:1
BRF:0
BRH:0
end_of_record
TN:
SF:src\modules\wompi\infrastructure\wompi-http.adapter.ts
FN:17,(anonymous_11)
FNF:1
FNH:1
FNDA:3,(anonymous_11)
DA:1,1
DA:2,1
DA:3,1
DA:11,1
DA:14,1
DA:15,3
DA:18,3
DA:19,3
DA:20,3
DA:22,3
DA:23,0
DA:28,3
DA:30,3
DA:35,2
DA:37,2
DA:38,1
DA:39,1
DA:43,1
DA:45,1
DA:63,1
DA:65,1
DA:66,0
DA:67,0
DA:71,1
DA:73,1
DA:74,1
DA:79,1
DA:102,1
DA:103,1
DA:106,1
DA:114,1
DA:119,1
DA:123,1
LF:33
LH:30
BRDA:11,0,0,1
BRDA:11,0,1,1
BRDA:22,1,0,0
BRDA:22,1,1,3
BRDA:22,2,0,3
BRDA:22,2,1,3
BRDA:22,2,2,3
BRDA:35,3,0,2
BRDA:35,3,1,1
BRDA:37,4,0,1
BRDA:37,4,1,1
BRDA:63,5,0,1
BRDA:63,5,1,0
BRDA:65,6,0,0
BRDA:65,6,1,1
BRDA:102,7,0,1
BRDA:102,7,1,0
BRDA:103,8,0,1
BRDA:103,8,1,0
BRDA:106,9,0,1
BRDA:106,9,1,0
BRDA:108,10,0,0
BRDA:108,10,1,0
BRDA:110,11,0,0
BRDA:110,11,1,0
BRDA:121,12,0,1
BRDA:121,12,1,1
BRF:27
BRH:17
end_of_record
TN:
SF:src\shared\domain\errors\result.ts
FN:7,(anonymous_0)
FN:14,(anonymous_1)
FN:18,(anonymous_2)
FN:21,(anonymous_3)
FNF:4
FNH:4
FNDA:4,(anonymous_0)
FNDA:5,(anonymous_1)
FNDA:4,(anonymous_2)
FNDA:5,(anonymous_3)
DA:3,4
DA:4,4
DA:5,4
DA:7,4
DA:10,4
DA:11,5
DA:12,5
DA:14,5
DA:17,4
DA:19,4
DA:22,5
LF:11
LH:11
BRF:0
BRH:0
end_of_record
